TN:
SF:/home/jovan/Qt5.12.12/5.12.12/gcc_64/include/QtCore/qcoreapplication.h
FN:116,_ZN16QCoreApplication8instanceEv
FNDA:0,_ZN16QCoreApplication8instanceEv
DA:116,0
end_of_record
SF:/usr/include/c++/11/bits/move.h
FN:49,_ZSt11__addressofINSt8__detail10_Hash_nodeISt4pairIKiiELb0EEEEPT_RS6_
FNDA:20,_ZSt11__addressofINSt8__detail10_Hash_nodeISt4pairIKiiELb0EEEEPT_RS6_
FN:49,_ZSt11__addressofIPNSt8__detail15_Hash_node_baseEEPT_RS3_
FNDA:4,_ZSt11__addressofIPNSt8__detail15_Hash_node_baseEEPT_RS3_
FN:77,_ZSt7forwardIRKiEOT_RNSt16remove_referenceIS2_E4typeE
FNDA:0,_ZSt7forwardIRKiEOT_RNSt16remove_referenceIS2_E4typeE
FN:77,_ZSt7forwardIOiEOT_RNSt16remove_referenceIS1_E4typeE
FNDA:20,_ZSt7forwardIOiEOT_RNSt16remove_referenceIS1_E4typeE
FN:77,_ZSt7forwardIRKSt4pairIKiiEEOT_RNSt16remove_referenceIS5_E4typeE
FNDA:400016,_ZSt7forwardIRKSt4pairIKiiEEOT_RNSt16remove_referenceIS5_E4typeE
FN:77,_ZSt7forwardISt5tupleIJRKiEEEOT_RNSt16remove_referenceIS4_E4typeE
FNDA:0,_ZSt7forwardISt5tupleIJRKiEEEOT_RNSt16remove_referenceIS4_E4typeE
FN:77,_ZSt7forwardISt5tupleIJEEEOT_RNSt16remove_referenceIS2_E4typeE
FNDA:80,_ZSt7forwardISt5tupleIJEEEOT_RNSt16remove_referenceIS2_E4typeE
FN:77,_ZSt7forwardISt5tupleIJOiEEEOT_RNSt16remove_referenceIS3_E4typeE
FNDA:80,_ZSt7forwardISt5tupleIJOiEEEOT_RNSt16remove_referenceIS3_E4typeE
FN:77,_ZSt7forwardIRKSt21piecewise_construct_tEOT_RNSt16remove_referenceIS3_E4typeE
FNDA:80,_ZSt7forwardIRKSt21piecewise_construct_tEOT_RNSt16remove_referenceIS3_E4typeE
FN:77,_ZSt7forwardIiEOT_RNSt16remove_referenceIS0_E4typeE
FNDA:80,_ZSt7forwardIiEOT_RNSt16remove_referenceIS0_E4typeE
FN:104,_ZSt4moveIRiEONSt16remove_referenceIT_E4typeEOS2_
FNDA:400020,_ZSt4moveIRiEONSt16remove_referenceIT_E4typeEOS2_
FN:104,_ZSt4moveIRP15QTypedArrayDataItEEONSt16remove_referenceIT_E4typeEOS5_
FNDA:0,_ZSt4moveIRP15QTypedArrayDataItEEONSt16remove_referenceIT_E4typeEOS5_
FN:104,_ZSt4moveIR7QStringEONSt16remove_referenceIT_E4typeEOS3_
FNDA:0,_ZSt4moveIR7QStringEONSt16remove_referenceIT_E4typeEOS3_
FN:145,_ZSt9addressofINSt8__detail10_Hash_nodeISt4pairIKiiELb0EEEEPT_RS6_
FNDA:20,_ZSt9addressofINSt8__detail10_Hash_nodeISt4pairIKiiELb0EEEEPT_RS6_
FN:145,_ZSt9addressofIPNSt8__detail15_Hash_node_baseEEPT_RS3_
FNDA:4,_ZSt9addressofIPNSt8__detail15_Hash_node_baseEEPT_RS3_
FN:196,_ZSt4swapIP15QTypedArrayDataItEENSt9enable_ifIXsrSt6__and_IJSt6__not_ISt15__is_tuple_likeIT_EESt21is_move_constructibleIS7_ESt18is_move_assignableIS7_EEE5valueEvE4typeERS7_SH_
FNDA:0,_ZSt4swapIP15QTypedArrayDataItEENSt9enable_ifIXsrSt6__and_IJSt6__not_ISt15__is_tuple_likeIT_EESt21is_move_constructibleIS7_ESt18is_move_assignableIS7_EEE5valueEvE4typeERS7_SH_
DA:49,20
DA:50,20
DA:49,4
DA:50,4
DA:77,0
DA:78,0
DA:77,20
DA:78,20
DA:77,400016
DA:78,400016
DA:77,0
DA:78,0
DA:77,80
DA:78,80
DA:77,80
DA:78,80
DA:77,80
DA:78,80
DA:77,80
DA:78,80
DA:104,400020
DA:105,400020
DA:104,0
DA:105,0
DA:104,0
DA:105,0
DA:145,20
DA:146,20
DA:145,4
DA:146,4
DA:196,0
DA:204,0
DA:205,0
DA:206,0
DA:207,0
end_of_record
SF:/home/jovan/Qt5.12.12/5.12.12/gcc_64/include/QtTest/qtestcase.h
FN:356,_ZN5QTest8qCompareIiEEbRKT_S3_PKcS5_S5_i
FNDA:72,_ZN5QTest8qCompareIiEEbRKT_S3_PKcS5_S5_i
DA:356,72
DA:359,72
DA:360,72
end_of_record
SF:/home/jovan/Qt5.12.12/5.12.12/gcc_64/include/QtCore/qarraydata.h
FN:57,_ZN10QArrayData4dataEv
FNDA:0,_ZN10QArrayData4dataEv
FN:99,_ZNK10QArrayData11detachFlagsEv
FNDA:0,_ZNK10QArrayData11detachFlagsEv
FN:123,_ZN10QArrayData10sharedNullEv
FNDA:0,_ZN10QArrayData10sharedNullEv
FN:208,_ZN15QTypedArrayDataItE4dataEv
FNDA:0,_ZN15QTypedArrayDataItE4dataEv
FN:208,_ZN15QTypedArrayDataIcE4dataEv
FNDA:0,_ZN15QTypedArrayDataIcE4dataEv
FN:236,_ZN15QTypedArrayDataItE10deallocateEP10QArrayData
FNDA:420,_ZN15QTypedArrayDataItE10deallocateEP10QArrayData
FN:236,_ZN15QTypedArrayDataIcE10deallocateEP10QArrayData
FNDA:0,_ZN15QTypedArrayDataIcE10deallocateEP10QArrayData
FN:257,_ZN15QTypedArrayDataItE10sharedNullEv
FNDA:0,_ZN15QTypedArrayDataItE10sharedNullEv
DA:57,0
DA:59,0
BRDA:59,0,0,-
BRDA:59,0,1,-
BRDA:59,0,2,-
BRDA:59,0,3,-
BRDA:59,0,4,-
BRDA:59,0,5,-
DA:61,0
DA:99,0
DA:101,0
DA:102,0
BRDA:102,0,0,-
BRDA:102,0,1,-
DA:103,0
DA:104,0
DA:123,0
DA:208,0
DA:208,0
DA:236,420
DA:239,420
DA:240,420
DA:236,0
DA:239,0
DA:240,0
DA:257,0
DA:260,0
end_of_record
SF:/usr/include/c++/11/bits/functional_hash.h
FN:154,_ZNKSt4hashIiEclEi
FNDA:400036,_ZNKSt4hashIiEclEi
DA:154,400036
end_of_record
SF:/usr/include/c++/11/utility
FN:188,_ZNSt10__pair_getILm0EE11__const_getIKiiEERKT_RKSt4pairIS3_T0_E
FNDA:400016,_ZNSt10__pair_getILm0EE11__const_getIKiiEERKT_RKSt4pairIS3_T0_E
FN:233,_ZSt3getILm0EKiiERKNSt13tuple_elementIXT_ESt4pairIT0_T1_EE4typeERKS5_
FNDA:400016,_ZSt3getILm0EKiiERKNSt13tuple_elementIXT_ESt4pairIT0_T1_EE4typeERKS5_
DA:188,400016
DA:189,400016
DA:233,400016
DA:234,400016
end_of_record
SF:/home/jovan/Qt5.12.12/5.12.12/gcc_64/include/QtTest/qtestkeyboard.h
FN:73,_ZN5QTestL13simulateEventEP7QWindowbi6QFlagsIN2Qt16KeyboardModifierEE7QStringbi
FNDA:0,_ZN5QTestL13simulateEventEP7QWindowbi6QFlagsIN2Qt16KeyboardModifierEE7QStringbi
FN:82,_ZN5QTestL12sendKeyEventENS_9KeyActionEP7QWindowN2Qt3KeyE7QString6QFlagsINS3_16KeyboardModifierEEi
FNDA:0,_ZN5QTestL12sendKeyEventENS_9KeyActionEP7QWindowN2Qt3KeyE7QString6QFlagsINS3_16KeyboardModifierEEi
FN:140,_ZN5QTestL12sendKeyEventENS_9KeyActionEP7QWindowN2Qt3KeyEc6QFlagsINS3_16KeyboardModifierEEi
FNDA:0,_ZN5QTestL12sendKeyEventENS_9KeyActionEP7QWindowN2Qt3KeyEc6QFlagsINS3_16KeyboardModifierEEi
FN:181,_ZN5QTestL13simulateEventEP7QWidgetbi6QFlagsIN2Qt16KeyboardModifierEE7QStringbi
FNDA:0,_ZN5QTestL13simulateEventEP7QWidgetbi6QFlagsIN2Qt16KeyboardModifierEE7QStringbi
FN:201,_ZN5QTestL12sendKeyEventENS_9KeyActionEP7QWidgetN2Qt3KeyE7QString6QFlagsINS3_16KeyboardModifierEEi
FNDA:0,_ZN5QTestL12sendKeyEventENS_9KeyActionEP7QWidgetN2Qt3KeyE7QString6QFlagsINS3_16KeyboardModifierEEi
FN:274,_ZN5QTestL12sendKeyEventENS_9KeyActionEP7QWidgetN2Qt3KeyEc6QFlagsINS3_16KeyboardModifierEEi
FNDA:0,_ZN5QTestL12sendKeyEventENS_9KeyActionEP7QWidgetN2Qt3KeyEc6QFlagsINS3_16KeyboardModifierEEi
DA:73,0
DA:77,0
BRDA:77,0,0,-
BRDA:77,0,1,-
DA:78,0
DA:79,0
BRDA:79,0,0,-
BRDA:79,0,1,-
DA:80,0
DA:82,0
DA:85,0
BRDA:85,0,0,-
BRDA:85,0,1,-
DA:87,0
BRDA:87,0,0,-
BRDA:87,0,1,-
DA:88,0
DA:90,0
BRDA:90,0,0,-
BRDA:90,0,1,-
DA:93,0
BRDA:93,0,0,-
BRDA:93,0,1,-
DA:94,0
BRDA:94,0,0,-
BRDA:94,0,1,-
DA:95,0
BRDA:95,0,0,-
BRDA:95,0,1,-
DA:96,0
DA:99,0
DA:101,0
BRDA:101,0,0,-
BRDA:101,0,1,-
DA:102,0
DA:103,0
DA:104,0
DA:107,0
BRDA:107,0,0,-
BRDA:107,0,1,-
DA:108,0
BRDA:108,0,0,-
BRDA:108,0,1,-
DA:109,0
BRDA:109,0,0,-
BRDA:109,0,1,-
DA:111,0
BRDA:111,0,0,-
BRDA:111,0,1,-
DA:112,0
BRDA:112,0,0,-
BRDA:112,0,1,-
DA:114,0
BRDA:114,0,0,-
BRDA:114,0,1,-
DA:115,0
BRDA:115,0,0,-
BRDA:115,0,1,-
DA:116,0
DA:117,0
BRDA:117,0,0,-
BRDA:117,0,1,-
DA:118,0
BRDA:118,0,0,-
BRDA:118,0,1,-
DA:119,0
DA:120,0
BRDA:120,0,0,-
BRDA:120,0,1,-
DA:121,0
BRDA:121,0,0,-
BRDA:121,0,1,-
DA:122,0
BRDA:122,0,0,-
BRDA:122,0,1,-
DA:124,0
BRDA:124,0,0,-
BRDA:124,0,1,-
DA:125,0
BRDA:125,0,0,-
BRDA:125,0,1,-
DA:126,0
BRDA:126,0,0,-
BRDA:126,0,1,-
DA:127,0
BRDA:127,0,0,-
BRDA:127,0,1,-
DA:128,0
DA:130,0
BRDA:130,0,0,-
BRDA:130,0,1,-
DA:131,0
BRDA:131,0,0,-
BRDA:131,0,1,-
DA:132,0
DA:134,0
BRDA:134,0,0,-
BRDA:134,0,1,-
DA:135,0
BRDA:135,0,0,-
BRDA:135,0,1,-
DA:140,0
DA:143,0
DA:144,0
BRDA:144,0,0,-
BRDA:144,0,1,-
DA:145,0
BRDA:145,0,0,-
BRDA:145,0,1,-
DA:146,0
BRDA:146,0,0,-
BRDA:146,0,1,-
DA:147,0
DA:181,0
DA:184,0
BRDA:184,0,0,-
BRDA:184,0,1,-
DA:187,0
BRDA:187,0,0,-
BRDA:187,0,1,-
BRDA:187,0,2,-
BRDA:187,0,3,-
BRDA:187,0,4,-
BRDA:187,0,5,-
BRDA:187,0,6,-
BRDA:187,0,7,-
DA:188,0
BRDA:188,0,0,-
BRDA:188,0,1,-
DA:189,0
BRDA:189,0,0,-
BRDA:189,0,1,-
DA:190,0
BRDA:190,0,0,-
BRDA:190,0,1,-
DA:192,0
BRDA:192,0,0,-
BRDA:192,0,1,-
BRDA:192,0,2,-
BRDA:192,0,3,-
DA:193,0
DA:195,0
BRDA:195,0,0,-
BRDA:195,0,1,-
BRDA:195,0,2,-
BRDA:195,0,3,-
BRDA:195,0,4,-
BRDA:195,0,5,-
BRDA:195,0,6,-
BRDA:195,0,7,-
DA:196,0
DA:197,0
BRDA:197,0,0,-
BRDA:197,0,1,-
BRDA:197,0,2,-
BRDA:197,0,3,-
DA:198,0
BRDA:198,0,0,-
BRDA:198,0,1,-
DA:199,0
BRDA:199,0,0,-
BRDA:199,0,1,-
DA:201,0
DA:204,0
BRDA:204,0,0,-
BRDA:204,0,1,-
DA:206,0
BRDA:206,0,0,-
BRDA:206,0,1,-
DA:207,0
DA:208,0
BRDA:208,0,0,-
BRDA:208,0,1,-
DA:210,0
BRDA:210,0,0,-
BRDA:210,0,1,-
DA:211,0
BRDA:211,0,0,-
BRDA:211,0,1,-
DA:213,0
BRDA:213,0,0,-
BRDA:213,0,1,-
DA:214,0
DA:215,0
BRDA:215,0,0,-
BRDA:215,0,1,-
DA:216,0
BRDA:216,0,0,-
BRDA:216,0,1,-
DA:217,0
DA:220,0
BRDA:220,0,0,-
BRDA:220,0,1,-
DA:221,0
DA:222,0
BRDA:222,0,0,-
BRDA:222,0,1,-
DA:223,0
DA:225,0
BRDA:225,0,0,-
BRDA:225,0,1,-
DA:227,0
BRDA:227,0,0,-
BRDA:227,0,1,-
DA:228,0
BRDA:228,0,0,-
BRDA:228,0,1,-
DA:229,0
BRDA:229,0,0,-
BRDA:229,0,1,-
DA:230,0
BRDA:230,0,0,-
BRDA:230,0,1,-
BRDA:230,0,2,-
BRDA:230,0,3,-
DA:233,0
DA:235,0
BRDA:235,0,0,-
BRDA:235,0,1,-
DA:236,0
DA:237,0
DA:239,0
DA:241,0
BRDA:241,0,0,-
BRDA:241,0,1,-
DA:242,0
BRDA:242,0,0,-
BRDA:242,0,1,-
DA:243,0
BRDA:243,0,0,-
BRDA:243,0,1,-
DA:245,0
BRDA:245,0,0,-
BRDA:245,0,1,-
DA:246,0
BRDA:246,0,0,-
BRDA:246,0,1,-
DA:248,0
BRDA:248,0,0,-
BRDA:248,0,1,-
DA:249,0
BRDA:249,0,0,-
BRDA:249,0,1,-
DA:250,0
DA:251,0
BRDA:251,0,0,-
BRDA:251,0,1,-
DA:252,0
BRDA:252,0,0,-
BRDA:252,0,1,-
DA:253,0
DA:254,0
BRDA:254,0,0,-
BRDA:254,0,1,-
DA:255,0
BRDA:255,0,0,-
BRDA:255,0,1,-
DA:256,0
BRDA:256,0,0,-
BRDA:256,0,1,-
DA:258,0
BRDA:258,0,0,-
BRDA:258,0,1,-
DA:259,0
BRDA:259,0,0,-
BRDA:259,0,1,-
DA:260,0
BRDA:260,0,0,-
BRDA:260,0,1,-
DA:261,0
BRDA:261,0,0,-
BRDA:261,0,1,-
DA:262,0
DA:264,0
BRDA:264,0,0,-
BRDA:264,0,1,-
DA:265,0
BRDA:265,0,0,-
BRDA:265,0,1,-
DA:266,0
DA:268,0
BRDA:268,0,0,-
BRDA:268,0,1,-
DA:269,0
BRDA:269,0,0,-
BRDA:269,0,1,-
DA:274,0
DA:277,0
DA:278,0
BRDA:278,0,0,-
BRDA:278,0,1,-
DA:279,0
BRDA:279,0,0,-
BRDA:279,0,1,-
DA:280,0
BRDA:280,0,0,-
BRDA:280,0,1,-
DA:281,0
end_of_record
SF:/home/jovan/Qt5.12.12/5.12.12/gcc_64/include/QtTest/qtestmouse.h
FN:95,_ZN5QTestL10mouseEventENS_11MouseActionEP7QWindowN2Qt11MouseButtonE6QFlagsINS3_16KeyboardModifierEE6QPointi
FNDA:0,_ZN5QTestL10mouseEventENS_11MouseActionEP7QWindowN2Qt11MouseButtonE6QFlagsINS3_16KeyboardModifierEE6QPointi
FN:182,_ZN5QTestL10mouseEventENS_11MouseActionEP7QWidgetN2Qt11MouseButtonE6QFlagsINS3_16KeyboardModifierEE6QPointi
FNDA:0,_ZN5QTestL10mouseEventENS_11MouseActionEP7QWidgetN2Qt11MouseButtonE6QFlagsINS3_16KeyboardModifierEE6QPointi
DA:95,0
DA:98,0
BRDA:98,0,0,-
BRDA:98,0,1,-
DA:102,0
BRDA:102,0,0,-
BRDA:102,0,1,-
DA:103,0
BRDA:103,0,0,-
BRDA:103,0,1,-
BRDA:103,0,2,-
BRDA:103,0,3,-
BRDA:103,0,4,-
BRDA:103,0,5,-
DA:104,0
BRDA:104,0,0,-
BRDA:104,0,1,-
BRDA:104,0,2,-
BRDA:104,0,3,-
BRDA:104,0,4,-
BRDA:104,0,5,-
BRDA:104,0,6,-
BRDA:104,0,7,-
BRDA:104,0,8,-
BRDA:104,0,9,-
BRDA:104,0,10,-
BRDA:104,0,11,-
BRDA:104,0,12,-
BRDA:104,0,13,-
BRDA:104,0,14,-
BRDA:104,0,15,-
DA:108,0
BRDA:108,0,0,-
BRDA:108,0,1,-
BRDA:108,0,2,-
BRDA:108,0,3,-
BRDA:108,0,4,-
BRDA:108,0,5,-
BRDA:108,0,6,-
BRDA:108,0,7,-
DA:109,0
BRDA:109,0,0,-
BRDA:109,0,1,-
DA:110,0
BRDA:110,0,0,-
BRDA:110,0,1,-
DA:111,0
BRDA:111,0,0,-
BRDA:111,0,1,-
DA:112,0
DA:115,0
BRDA:115,0,0,-
BRDA:115,0,1,-
DA:116,0
BRDA:116,0,0,-
BRDA:116,0,1,-
BRDA:116,0,2,-
BRDA:116,0,3,-
DA:118,0
BRDA:118,0,0,-
BRDA:118,0,1,-
BRDA:118,0,2,-
BRDA:118,0,3,-
BRDA:118,0,4,-
BRDA:118,0,5,-
DA:120,0
DA:122,0
BRDA:122,0,0,-
BRDA:122,0,1,-
DA:123,0
BRDA:123,0,0,-
BRDA:123,0,1,-
DA:126,0
BRDA:126,0,0,-
BRDA:126,0,1,-
BRDA:126,0,2,-
BRDA:126,0,3,-
BRDA:126,0,4,-
DA:128,0
DA:129,0
DA:130,0
BRDA:130,0,0,-
BRDA:130,0,1,-
BRDA:130,0,2,-
BRDA:130,0,3,-
DA:132,0
DA:133,0
BRDA:133,0,0,-
BRDA:133,0,1,-
BRDA:133,0,2,-
BRDA:133,0,3,-
DA:136,0
DA:138,0
DA:139,0
BRDA:139,0,0,-
BRDA:139,0,1,-
BRDA:139,0,2,-
BRDA:139,0,3,-
DA:141,0
DA:142,0
BRDA:142,0,0,-
BRDA:142,0,1,-
DA:143,0
DA:146,0
DA:147,0
BRDA:147,0,0,-
BRDA:147,0,1,-
BRDA:147,0,2,-
BRDA:147,0,3,-
DA:149,0
DA:150,0
DA:151,0
DA:152,0
DA:153,0
BRDA:153,0,0,-
BRDA:153,0,1,-
BRDA:153,0,2,-
BRDA:153,0,3,-
DA:155,0
DA:156,0
DA:157,0
DA:159,0
BRDA:159,0,0,-
BRDA:159,0,1,-
DA:160,0
DA:182,0
DA:185,0
BRDA:185,0,0,-
BRDA:185,0,1,-
DA:187,0
BRDA:187,0,0,-
BRDA:187,0,1,-
DA:188,0
DA:197,0
BRDA:197,0,0,-
BRDA:197,0,1,-
BRDA:197,0,2,-
BRDA:197,0,3,-
BRDA:197,0,4,-
BRDA:197,0,5,-
BRDA:197,0,6,-
BRDA:197,0,7,-
DA:198,0
BRDA:198,0,0,-
BRDA:198,0,1,-
DA:199,0
BRDA:199,0,0,-
BRDA:199,0,1,-
DA:200,0
BRDA:200,0,0,-
BRDA:200,0,1,-
DA:201,0
DA:204,0
BRDA:204,0,0,-
BRDA:204,0,1,-
DA:205,0
BRDA:205,0,0,-
BRDA:205,0,1,-
DA:206,0
BRDA:206,0,0,-
BRDA:206,0,1,-
DA:207,0
DA:210,0
BRDA:210,0,0,-
BRDA:210,0,1,-
BRDA:210,0,2,-
BRDA:210,0,3,-
BRDA:210,0,4,-
BRDA:210,0,5,-
DA:212,0
DA:214,0
BRDA:214,0,0,-
BRDA:214,0,1,-
DA:215,0
BRDA:215,0,0,-
BRDA:215,0,1,-
BRDA:215,0,2,-
BRDA:215,0,3,-
BRDA:215,0,4,-
DA:217,0
DA:218,0
BRDA:218,0,0,-
BRDA:218,0,1,-
BRDA:218,0,2,-
BRDA:218,0,3,-
BRDA:218,0,4,-
BRDA:218,0,5,-
DA:219,0
DA:220,0
DA:221,0
DA:222,0
BRDA:222,0,0,-
BRDA:222,0,1,-
BRDA:222,0,2,-
BRDA:222,0,3,-
BRDA:222,0,4,-
BRDA:222,0,5,-
DA:223,0
DA:224,0
DA:225,0
DA:226,0
DA:227,0
BRDA:227,0,0,-
BRDA:227,0,1,-
BRDA:227,0,2,-
BRDA:227,0,3,-
BRDA:227,0,4,-
BRDA:227,0,5,-
DA:228,0
DA:229,0
DA:230,0
DA:231,0
BRDA:231,0,0,-
BRDA:231,0,1,-
BRDA:231,0,2,-
BRDA:231,0,3,-
DA:235,0
BRDA:235,0,0,-
BRDA:235,0,1,-
DA:237,0
DA:238,0
DA:239,0
DA:241,0
DA:242,0
BRDA:242,0,0,-
BRDA:242,0,1,-
BRDA:242,0,2,-
BRDA:242,0,3,-
DA:245,0
BRDA:245,0,0,-
BRDA:245,0,1,-
DA:246,0
BRDA:246,0,0,-
BRDA:246,0,1,-
BRDA:246,0,2,-
BRDA:246,0,3,-
BRDA:246,0,4,-
BRDA:246,0,5,-
BRDA:246,0,6,-
BRDA:246,0,7,-
BRDA:246,0,8,-
BRDA:246,0,9,-
DA:247,0
DA:249,0
BRDA:249,0,0,-
BRDA:249,0,1,-
end_of_record
SF:/home/jovan/Qt5.12.12/5.12.12/gcc_64/include/QtCore/qtimer.h
FN:69,_ZNK6QTimer8isActiveEv
FNDA:8,_ZNK6QTimer8isActiveEv
DA:69,8
end_of_record
SF:/home/jovan/Qt5.12.12/5.12.12/gcc_64/include/QtCore/qglobal.h
FN:581,_Z4qAbsIdET_RKS0_
FNDA:20,_Z4qAbsIdET_RKS0_
FN:911,_Z5qSwapIP15QTypedArrayDataItEEvRT_S4_
FNDA:0,_Z5qSwapIP15QTypedArrayDataItEEvRT_S4_
DA:581,20
BRDA:581,0,0,10
BRDA:581,0,1,10
DA:911,0
DA:915,0
DA:916,0
end_of_record
SF:/usr/include/c++/11/tuple
FN:192,_ZNSt10_Head_baseILm0ERKiLb0EEC2ES1_
FNDA:0,_ZNSt10_Head_baseILm0ERKiLb0EEC2ES1_
FN:199,_ZNSt10_Head_baseILm0EOiLb0EEC2IiEEOT_
FNDA:20,_ZNSt10_Head_baseILm0EOiLb0EEC2IiEEOT_
FN:233,_ZNSt10_Head_baseILm0EOiLb0EE7_M_headERS1_
FNDA:20,_ZNSt10_Head_baseILm0EOiLb0EE7_M_headERS1_
FN:233,_ZNSt10_Head_baseILm0ERKiLb0EE7_M_headERS2_
FNDA:0,_ZNSt10_Head_baseILm0ERKiLb0EE7_M_headERS2_
FN:424,_ZNSt11_Tuple_implILm0EJRKiEE7_M_headERS2_
FNDA:0,_ZNSt11_Tuple_implILm0EJRKiEE7_M_headERS2_
FN:424,_ZNSt11_Tuple_implILm0EJOiEE7_M_headERS1_
FNDA:20,_ZNSt11_Tuple_implILm0EJOiEE7_M_headERS1_
FN:434,_ZNSt11_Tuple_implILm0EJRKiEEC2ES1_
FNDA:0,_ZNSt11_Tuple_implILm0EJRKiEEC2ES1_
FN:440,_ZNSt11_Tuple_implILm0EJOiEEC2IiEEOT_
FNDA:20,_ZNSt11_Tuple_implILm0EJOiEEC2IiEEOT_
FN:454,_ZNSt11_Tuple_implILm0EJRKiEEC2EOS2_
FNDA:0,_ZNSt11_Tuple_implILm0EJRKiEEC2EOS2_
FN:454,_ZNSt11_Tuple_implILm0EJOiEEC2EOS1_
FNDA:20,_ZNSt11_Tuple_implILm0EJOiEEC2EOS1_
FN:727,_ZNSt5tupleIJRKiEEC2ILb1ELb1EEES1_
FNDA:0,_ZNSt5tupleIJRKiEEC2ILb1ELb1EEES1_
FN:742,_ZNSt5tupleIJOiEEC2IJiELb1ELb1EEEDpOT_
FNDA:20,_ZNSt5tupleIJOiEEC2IJiELb1ELb1EEEDpOT_
FN:756,_ZNSt5tupleIJRKiEEC2EOS2_
FNDA:0,_ZNSt5tupleIJRKiEEC2EOS2_
FN:756,_ZNSt5tupleIJOiEEC2EOS1_
FNDA:20,_ZNSt5tupleIJOiEEC2EOS1_
FN:1377,_ZSt12__get_helperILm0EOiJEERT0_RSt11_Tuple_implIXT_EJS1_DpT1_EE
FNDA:20,_ZSt12__get_helperILm0EOiJEERT0_RSt11_Tuple_implIXT_EJS1_DpT1_EE
FN:1377,_ZSt12__get_helperILm0ERKiJEERT0_RSt11_Tuple_implIXT_EJS2_DpT1_EE
FNDA:0,_ZSt12__get_helperILm0ERKiJEERT0_RSt11_Tuple_implIXT_EJS2_DpT1_EE
FN:1393,_ZSt3getILm0EJOiEERNSt13tuple_elementIXT_ESt5tupleIJDpT0_EEE4typeERS5_
FNDA:20,_ZSt3getILm0EJOiEERNSt13tuple_elementIXT_ESt5tupleIJDpT0_EEE4typeERS5_
FN:1393,_ZSt3getILm0EJRKiEERNSt13tuple_elementIXT_ESt5tupleIJDpT0_EEE4typeERS6_
FNDA:0,_ZSt3getILm0EJRKiEERNSt13tuple_elementIXT_ESt5tupleIJDpT0_EEE4typeERS6_
FN:1617,_ZSt16forward_as_tupleIJiEESt5tupleIJDpOT_EES3_
FNDA:20,_ZSt16forward_as_tupleIJiEESt5tupleIJDpOT_EES3_
FN:1804,_ZNSt4pairIKiiEC2IJRS0_EJEEESt21piecewise_construct_tSt5tupleIJDpT_EES5_IJDpT0_EE
FNDA:0,_ZNSt4pairIKiiEC2IJRS0_EJEEESt21piecewise_construct_tSt5tupleIJDpT_EES5_IJDpT0_EE
FN:1804,_ZNSt4pairIKiiEC2IJOiEJEEESt21piecewise_construct_tSt5tupleIJDpT_EES5_IJDpT0_EE
FNDA:20,_ZNSt4pairIKiiEC2IJOiEJEEESt21piecewise_construct_tSt5tupleIJDpT_EES5_IJDpT0_EE
FN:1816,_ZNSt4pairIKiiEC2IJOiEJLm0EEJEJEEERSt5tupleIJDpT_EERS4_IJDpT1_EESt12_Index_tupleIJXspT0_EEESD_IJXspT2_EEE
FNDA:20,_ZNSt4pairIKiiEC2IJOiEJLm0EEJEJEEERSt5tupleIJDpT_EERS4_IJDpT1_EESt12_Index_tupleIJXspT0_EEESD_IJXspT2_EEE
FN:1816,_ZNSt4pairIKiiEC2IJRS0_EJLm0EEJEJEEERSt5tupleIJDpT_EERS4_IJDpT1_EESt12_Index_tupleIJXspT0_EEESD_IJXspT2_EEE
FNDA:0,_ZNSt4pairIKiiEC2IJRS0_EJLm0EEJEJEEERSt5tupleIJDpT_EERS4_IJDpT1_EESt12_Index_tupleIJXspT0_EEESD_IJXspT2_EEE
DA:192,0
DA:193,0
DA:199,20
DA:200,20
DA:233,0
DA:233,20
DA:424,0
DA:424,20
DA:434,0
DA:435,0
DA:436,0
DA:440,20
DA:441,20
DA:442,20
DA:454,0
DA:456,0
DA:457,0
DA:454,20
DA:456,20
DA:457,20
DA:727,0
DA:729,0
DA:742,20
DA:744,20
DA:756,0
DA:756,20
DA:1377,0
DA:1378,0
DA:1377,20
DA:1378,20
DA:1393,0
DA:1394,0
DA:1393,20
DA:1394,20
DA:1617,20
DA:1618,20
DA:1804,0
DA:1809,0
DA:1810,0
DA:1804,20
DA:1809,20
DA:1810,20
DA:1816,0
DA:1819,0
DA:1820,0
DA:1821,0
DA:1816,20
DA:1819,20
DA:1820,20
DA:1821,20
end_of_record
SF:/home/jovan/Qt5.12.12/5.12.12/gcc_64/include/QtCore/qpointer.h
FN:71,_ZN8QPointerI7QWindowEC2EPS0_
FNDA:0,_ZN8QPointerI7QWindowEC2EPS0_
FN:71,_ZN8QPointerI7QWidgetEC2EPS0_
FNDA:0,_ZN8QPointerI7QWidgetEC2EPS0_
FN:85,_ZNK8QPointerI7QWindowE4dataEv
FNDA:0,_ZNK8QPointerI7QWindowE4dataEv
FN:85,_ZNK8QPointerI7QWidgetE4dataEv
FNDA:0,_ZNK8QPointerI7QWidgetE4dataEv
FN:91,_ZNK8QPointerI7QWindowEcvPS0_Ev
FNDA:0,_ZNK8QPointerI7QWindowEcvPS0_Ev
FN:91,_ZNK8QPointerI7QWidgetEcvPS0_Ev
FNDA:0,_ZNK8QPointerI7QWidgetEcvPS0_Ev
DA:71,0
DA:71,0
DA:85,0
DA:86,0
DA:85,0
DA:86,0
DA:91,0
DA:92,0
DA:91,0
DA:92,0
end_of_record
SF:/usr/include/c++/11/new
FN:174,_ZnwmPv
FNDA:200,_ZnwmPv
FN:180,_ZdlPvS_
FNDA:0,_ZdlPvS_
DA:174,200
DA:175,200
DA:180,0
end_of_record
SF:/usr/include/c++/11/bits/stl_function.h
FN:369,_ZNKSt8equal_toIiEclERKiS2_
FNDA:400000,_ZNKSt8equal_toIiEclERKiS2_
DA:369,400000
DA:370,400000
end_of_record
SF:/home/jovan/Qt5.12.12/5.12.12/gcc_64/include/QtCore/qscopedpointer.h
FN:116,_ZNK14QScopedPointerI11QObjectData21QScopedPointerDeleterIS0_EEptEv
FNDA:260,_ZNK14QScopedPointerI11QObjectData21QScopedPointerDeleterIS0_EEptEv
DA:116,260
DA:118,260
end_of_record
SF:/home/jovan/Qt5.12.12/5.12.12/gcc_64/include/QtCore/qrefcount.h
FN:54,_ZN9QtPrivate8RefCount3refEv
FNDA:84,_ZN9QtPrivate8RefCount3refEv
FN:65,_ZN9QtPrivate8RefCount5derefEv
FNDA:420,_ZN9QtPrivate8RefCount5derefEv
FN:99,_ZNK9QtPrivate8RefCount8isSharedEv
FNDA:0,_ZNK9QtPrivate8RefCount8isSharedEv
DA:54,84
DA:55,84
DA:57,84
BRDA:57,0,0,0
BRDA:57,0,1,84
DA:58,0
DA:60,84
BRDA:60,0,0,84
BRDA:60,0,1,0
DA:61,84
DA:62,84
DA:65,420
DA:66,420
DA:68,420
BRDA:68,0,0,0
BRDA:68,0,1,420
DA:69,0
DA:71,420
BRDA:71,0,0,0
BRDA:71,0,1,420
DA:72,0
DA:73,420
DA:99,0
DA:101,0
DA:102,0
BRDA:102,0,0,-
BRDA:102,0,1,-
BRDA:102,0,2,-
BRDA:102,0,3,-
end_of_record
SF:/home/jovan/Qt5.12.12/5.12.12/gcc_64/include/QtCore/qflags.h
FN:68,_ZN5QFlagC2Ej
FNDA:12,_ZN5QFlagC2Ej
FN:71,_ZNK5QFlagcvjEv
FNDA:12,_ZNK5QFlagcvjEv
FN:120,_ZN6QFlagsIN10QEventLoop17ProcessEventsFlagEEC2ES1_
FNDA:0,_ZN6QFlagsIN10QEventLoop17ProcessEventsFlagEEC2ES1_
FN:120,_ZN6QFlagsIN2Qt11MouseButtonEEC2ES1_
FNDA:0,_ZN6QFlagsIN2Qt11MouseButtonEEC2ES1_
FN:120,_ZN6QFlagsIN2Qt16KeyboardModifierEEC2ES1_
FNDA:0,_ZN6QFlagsIN2Qt16KeyboardModifierEEC2ES1_
FN:121,_ZN6QFlagsIN2Qt16KeyboardModifierEEC2EMNS2_7PrivateEi
FNDA:0,_ZN6QFlagsIN2Qt16KeyboardModifierEEC2EMNS2_7PrivateEi
FN:122,_ZN6QFlagsIN2Qt16KeyboardModifierEEC1E5QFlag
FNDA:0,_ZN6QFlagsIN2Qt16KeyboardModifierEEC1E5QFlag
FN:130,_ZN6QFlagsIN2Qt11MouseButtonEEaNEj
FNDA:0,_ZN6QFlagsIN2Qt11MouseButtonEEaNEj
FN:130,_ZN6QFlagsIN2Qt16KeyboardModifierEEaNEj
FNDA:0,_ZN6QFlagsIN2Qt16KeyboardModifierEEaNEj
FN:133,_ZN6QFlagsIN2Qt11MouseButtonEEoRES1_
FNDA:0,_ZN6QFlagsIN2Qt11MouseButtonEEoRES1_
FN:133,_ZN6QFlagsIN10QArrayData16AllocationOptionEEoRES1_
FNDA:0,_ZN6QFlagsIN10QArrayData16AllocationOptionEEoRES1_
FN:137,_ZNK6QFlagsIN2Qt16KeyboardModifierEEcvjEv
FNDA:0,_ZNK6QFlagsIN2Qt16KeyboardModifierEEcvjEv
FN:140,_ZNK6QFlagsIN2Qt16KeyboardModifierEEorES1_
FNDA:0,_ZNK6QFlagsIN2Qt16KeyboardModifierEEorES1_
FN:144,_ZNK6QFlagsIN2Qt16KeyboardModifierEEanEj
FNDA:0,_ZNK6QFlagsIN2Qt16KeyboardModifierEEanEj
FN:145,_ZNK6QFlagsIN2Qt16KeyboardModifierEEanES1_
FNDA:0,_ZNK6QFlagsIN2Qt16KeyboardModifierEEanES1_
FN:151,_ZN6QFlagsIN2Qt11MouseButtonEE7setFlagES1_b
FNDA:0,_ZN6QFlagsIN2Qt11MouseButtonEE7setFlagES1_b
DA:68,12
DA:71,12
DA:120,0
DA:120,0
DA:120,0
DA:121,0
DA:122,0
DA:130,0
DA:130,0
DA:133,0
DA:133,0
DA:137,0
DA:140,0
DA:144,0
DA:145,0
DA:151,0
DA:153,0
BRDA:153,0,0,-
BRDA:153,0,1,-
end_of_record
SF:/home/jovan/Qt5.12.12/5.12.12/gcc_64/include/QtGui/qwindow.h
FN:229,_ZNK7QWindow5widthEv
FNDA:0,_ZNK7QWindow5widthEv
FN:230,_ZNK7QWindow6heightEv
FNDA:0,_ZNK7QWindow6heightEv
DA:229,0
DA:230,0
end_of_record
SF:/home/jovan/Desktop/master/verifikacija/RS030-pacman/PacmanUnitTests/UnitTests/tst_unittests.cpp
FN:43,_ZN9unitTestsC2Ev
FNDA:4,_ZN9unitTestsC2Ev
FN:48,_ZN9unitTestsD2Ev
FNDA:4,_ZN9unitTestsD2Ev
FN:48,_ZN9unitTestsD0Ev
FNDA:0,_ZN9unitTestsD0Ev
FN:54,_ZN9unitTests12initTestCaseEv
FNDA:4,_ZN9unitTests12initTestCaseEv
FN:63,_ZN9unitTests22testGameInitializationEv
FNDA:4,_ZN9unitTests22testGameInitializationEv
FN:70,_ZN9unitTests21testHealthConstructorEv
FNDA:4,_ZN9unitTests21testHealthConstructorEv
FN:89,_ZN9unitTests13testGetHealthEv
FNDA:4,_ZN9unitTests13testGetHealthEv
FN:108,_ZN9unitTests13testSetHealthEv
FNDA:4,_ZN9unitTests13testSetHealthEv
FN:127,_ZN9unitTests12testDecreaseEv
FNDA:4,_ZN9unitTests12testDecreaseEv
FN:159,_ZN9unitTests20testGhostConstructorEv
FNDA:4,_ZN9unitTests20testGhostConstructorEv
FN:190,_ZN9unitTests8testGetXEv
FNDA:4,_ZN9unitTests8testGetXEv
FN:226,_ZN9unitTests8testGetYEv
FNDA:4,_ZN9unitTests8testGetYEv
FN:262,_ZN9unitTests17testSendToInitialEv
FNDA:4,_ZN9unitTests17testSendToInitialEv
FN:286,_ZN9unitTests26testChooseRandomTimerStopsEv
FNDA:4,_ZN9unitTests26testChooseRandomTimerStopsEv
FN:317,_ZN9unitTests26testChooseRandomCheckRangeEv
FNDA:4,_ZN9unitTests26testChooseRandomCheckRangeEv
FN:360,_ZN9unitTests33testChooseRandomCheckDistributionEv
FNDA:4,_ZN9unitTests33testChooseRandomCheckDistributionEv
FN:402,main
FNDA:4,main
DA:43,4
DA:46,4
DA:48,0
DA:51,0
DA:48,4
DA:51,4
DA:54,4
DA:56,4
DA:57,4
DA:58,4
BRDA:58,0,0,4
BRDA:58,0,1,0
BRDA:58,0,2,4
BRDA:58,0,3,0
DA:59,4
BRDA:59,0,0,4
BRDA:59,0,1,0
DA:60,4
DA:63,4
DA:65,4
BRDA:65,0,0,0
BRDA:65,0,1,4
DA:70,4
DA:72,4
BRDA:72,0,0,4
BRDA:72,0,1,0
DA:73,4
BRDA:73,0,0,0
BRDA:73,0,1,4
DA:75,4
BRDA:75,0,0,4
BRDA:75,0,1,0
DA:76,4
BRDA:76,0,0,0
BRDA:76,0,1,4
DA:78,4
BRDA:78,0,0,4
BRDA:78,0,1,0
DA:79,4
BRDA:79,0,0,0
BRDA:79,0,1,4
DA:81,4
BRDA:81,0,0,4
BRDA:81,0,1,0
DA:82,4
BRDA:82,0,0,4
BRDA:82,0,1,0
DA:83,4
BRDA:83,0,0,4
BRDA:83,0,1,0
DA:84,4
BRDA:84,0,0,4
BRDA:84,0,1,0
DA:85,4
BRDA:85,0,0,4
BRDA:85,0,1,0
DA:86,4
BRDA:86,0,0,4
BRDA:86,0,1,0
DA:89,4
DA:91,4
BRDA:91,0,0,4
BRDA:91,0,1,0
DA:92,4
BRDA:92,0,0,4
BRDA:92,0,1,0
BRDA:92,0,2,4
BRDA:92,0,3,0
BRDA:92,0,4,0
BRDA:92,0,5,4
DA:94,4
BRDA:94,0,0,4
BRDA:94,0,1,0
DA:95,4
BRDA:95,0,0,4
BRDA:95,0,1,0
BRDA:95,0,2,4
BRDA:95,0,3,0
BRDA:95,0,4,0
BRDA:95,0,5,4
DA:97,4
BRDA:97,0,0,4
BRDA:97,0,1,0
DA:98,4
BRDA:98,0,0,4
BRDA:98,0,1,0
BRDA:98,0,2,4
BRDA:98,0,3,0
BRDA:98,0,4,0
BRDA:98,0,5,4
DA:100,4
BRDA:100,0,0,4
BRDA:100,0,1,0
DA:101,4
BRDA:101,0,0,4
BRDA:101,0,1,0
DA:102,4
BRDA:102,0,0,4
BRDA:102,0,1,0
DA:103,4
BRDA:103,0,0,4
BRDA:103,0,1,0
DA:104,4
BRDA:104,0,0,4
BRDA:104,0,1,0
DA:105,4
BRDA:105,0,0,4
BRDA:105,0,1,0
DA:108,4
DA:110,4
BRDA:110,0,0,4
BRDA:110,0,1,0
DA:112,4
BRDA:112,0,0,4
BRDA:112,0,1,0
BRDA:112,0,2,4
BRDA:112,0,3,0
BRDA:112,0,4,0
BRDA:112,0,5,4
DA:114,4
DA:115,4
BRDA:115,0,0,4
BRDA:115,0,1,0
BRDA:115,0,2,4
BRDA:115,0,3,0
BRDA:115,0,4,0
BRDA:115,0,5,4
DA:117,4
DA:118,4
BRDA:118,0,0,4
BRDA:118,0,1,0
BRDA:118,0,2,4
BRDA:118,0,3,0
BRDA:118,0,4,0
BRDA:118,0,5,4
DA:120,4
DA:121,4
BRDA:121,0,0,4
BRDA:121,0,1,0
BRDA:121,0,2,4
BRDA:121,0,3,0
BRDA:121,0,4,0
BRDA:121,0,5,4
DA:123,4
BRDA:123,0,0,4
BRDA:123,0,1,0
DA:124,4
BRDA:124,0,0,4
BRDA:124,0,1,0
DA:127,4
DA:129,4
BRDA:129,0,0,4
BRDA:129,0,1,0
DA:131,4
DA:132,4
BRDA:132,0,0,4
BRDA:132,0,1,0
BRDA:132,0,2,4
BRDA:132,0,3,0
BRDA:132,0,4,0
BRDA:132,0,5,4
DA:134,4
DA:135,4
BRDA:135,0,0,4
BRDA:135,0,1,0
BRDA:135,0,2,4
BRDA:135,0,3,0
BRDA:135,0,4,0
BRDA:135,0,5,4
DA:137,4
DA:138,4
BRDA:138,0,0,4
BRDA:138,0,1,0
BRDA:138,0,2,4
BRDA:138,0,3,0
BRDA:138,0,4,0
BRDA:138,0,5,4
DA:140,4
DA:141,4
BRDA:141,0,0,4
BRDA:141,0,1,0
BRDA:141,0,2,4
BRDA:141,0,3,0
BRDA:141,0,4,0
BRDA:141,0,5,4
DA:143,4
DA:144,4
BRDA:144,0,0,4
BRDA:144,0,1,0
BRDA:144,0,2,4
BRDA:144,0,3,0
BRDA:144,0,4,0
BRDA:144,0,5,4
DA:146,4
DA:147,4
DA:148,4
BRDA:148,0,0,4
BRDA:148,0,1,0
BRDA:148,0,2,4
BRDA:148,0,3,0
BRDA:148,0,4,0
BRDA:148,0,5,4
DA:150,4
DA:151,4
DA:152,4
BRDA:152,0,0,4
BRDA:152,0,1,0
BRDA:152,0,2,4
BRDA:152,0,3,0
BRDA:152,0,4,0
BRDA:152,0,5,4
DA:154,4
BRDA:154,0,0,4
BRDA:154,0,1,0
DA:155,4
BRDA:155,0,0,4
BRDA:155,0,1,0
DA:159,4
DA:161,4
DA:162,4
DA:164,4
BRDA:164,0,0,4
BRDA:164,0,1,0
DA:165,4
BRDA:165,0,0,0
BRDA:165,0,1,4
DA:166,4
BRDA:166,0,0,4
BRDA:166,0,1,0
DA:167,4
BRDA:167,0,0,4
BRDA:167,0,1,0
DA:169,4
BRDA:169,0,0,4
BRDA:169,0,1,0
DA:170,4
BRDA:170,0,0,0
BRDA:170,0,1,4
DA:171,4
BRDA:171,0,0,4
BRDA:171,0,1,0
DA:172,4
BRDA:172,0,0,4
BRDA:172,0,1,0
DA:174,4
BRDA:174,0,0,4
BRDA:174,0,1,0
DA:175,4
BRDA:175,0,0,0
BRDA:175,0,1,4
DA:176,4
BRDA:176,0,0,4
BRDA:176,0,1,0
DA:177,4
BRDA:177,0,0,4
BRDA:177,0,1,0
DA:179,4
BRDA:179,0,0,4
BRDA:179,0,1,0
DA:180,4
BRDA:180,0,0,0
BRDA:180,0,1,4
DA:181,4
BRDA:181,0,0,4
BRDA:181,0,1,0
DA:182,4
BRDA:182,0,0,4
BRDA:182,0,1,0
DA:184,4
BRDA:184,0,0,4
BRDA:184,0,1,0
DA:185,4
BRDA:185,0,0,0
BRDA:185,0,1,4
DA:186,4
BRDA:186,0,0,4
BRDA:186,0,1,0
DA:187,4
BRDA:187,0,0,4
BRDA:187,0,1,0
DA:190,4
DA:192,4
DA:193,4
DA:194,4
DA:195,4
DA:196,4
DA:197,4
DA:198,4
DA:200,4
BRDA:200,0,0,4
BRDA:200,0,1,0
DA:201,4
BRDA:201,0,0,0
BRDA:201,0,1,4
DA:202,4
BRDA:202,0,0,4
BRDA:202,0,1,0
DA:203,4
BRDA:203,0,0,4
BRDA:203,0,1,0
DA:205,4
BRDA:205,0,0,4
BRDA:205,0,1,0
DA:206,4
BRDA:206,0,0,0
BRDA:206,0,1,4
DA:207,4
BRDA:207,0,0,4
BRDA:207,0,1,0
DA:208,4
BRDA:208,0,0,4
BRDA:208,0,1,0
DA:210,4
BRDA:210,0,0,4
BRDA:210,0,1,0
DA:211,4
BRDA:211,0,0,0
BRDA:211,0,1,4
DA:212,4
BRDA:212,0,0,4
BRDA:212,0,1,0
DA:213,4
BRDA:213,0,0,4
BRDA:213,0,1,0
DA:215,4
BRDA:215,0,0,4
BRDA:215,0,1,0
DA:216,4
BRDA:216,0,0,0
BRDA:216,0,1,4
DA:217,4
BRDA:217,0,0,4
BRDA:217,0,1,0
DA:218,4
BRDA:218,0,0,4
BRDA:218,0,1,0
DA:220,4
BRDA:220,0,0,4
BRDA:220,0,1,0
DA:221,4
BRDA:221,0,0,0
BRDA:221,0,1,4
DA:222,4
BRDA:222,0,0,4
BRDA:222,0,1,0
DA:223,4
BRDA:223,0,0,4
BRDA:223,0,1,0
DA:226,4
DA:228,4
DA:229,4
DA:230,4
DA:231,4
DA:232,4
DA:233,4
DA:234,4
DA:236,4
BRDA:236,0,0,4
BRDA:236,0,1,0
DA:237,4
BRDA:237,0,0,0
BRDA:237,0,1,4
DA:238,4
BRDA:238,0,0,4
BRDA:238,0,1,0
DA:239,4
BRDA:239,0,0,4
BRDA:239,0,1,0
DA:241,4
BRDA:241,0,0,4
BRDA:241,0,1,0
DA:242,4
BRDA:242,0,0,0
BRDA:242,0,1,4
DA:243,4
BRDA:243,0,0,4
BRDA:243,0,1,0
DA:244,4
BRDA:244,0,0,4
BRDA:244,0,1,0
DA:246,4
BRDA:246,0,0,4
BRDA:246,0,1,0
DA:247,4
BRDA:247,0,0,0
BRDA:247,0,1,4
DA:248,4
BRDA:248,0,0,4
BRDA:248,0,1,0
DA:249,4
BRDA:249,0,0,4
BRDA:249,0,1,0
DA:251,4
BRDA:251,0,0,4
BRDA:251,0,1,0
DA:252,4
BRDA:252,0,0,0
BRDA:252,0,1,4
DA:253,4
BRDA:253,0,0,4
BRDA:253,0,1,0
DA:254,4
BRDA:254,0,0,4
BRDA:254,0,1,0
DA:256,4
BRDA:256,0,0,4
BRDA:256,0,1,0
DA:257,4
BRDA:257,0,0,0
BRDA:257,0,1,4
DA:258,4
BRDA:258,0,0,4
BRDA:258,0,1,0
DA:259,4
BRDA:259,0,0,4
BRDA:259,0,1,0
DA:262,4
DA:264,4
DA:265,4
DA:266,4
DA:268,4
DA:269,4
DA:271,4
BRDA:271,0,0,4
BRDA:271,0,1,0
BRDA:271,0,2,4
BRDA:271,0,3,0
DA:273,4
BRDA:273,0,0,4
BRDA:273,0,1,0
DA:274,4
BRDA:274,0,0,4
BRDA:274,0,1,0
DA:276,4
BRDA:276,0,0,4
BRDA:276,0,1,0
BRDA:276,0,2,4
BRDA:276,0,3,0
BRDA:276,0,4,0
BRDA:276,0,5,4
DA:277,4
BRDA:277,0,0,4
BRDA:277,0,1,0
BRDA:277,0,2,4
BRDA:277,0,3,0
BRDA:277,0,4,0
BRDA:277,0,5,4
DA:279,4
BRDA:279,0,0,4
BRDA:279,0,1,0
DA:281,4
BRDA:281,0,0,4
BRDA:281,0,1,0
BRDA:281,0,2,4
BRDA:281,0,3,0
BRDA:281,0,4,0
BRDA:281,0,5,4
DA:282,4
BRDA:282,0,0,4
BRDA:282,0,1,0
BRDA:282,0,2,4
BRDA:282,0,3,0
BRDA:282,0,4,0
BRDA:282,0,5,4
DA:286,4
DA:288,4
DA:289,4
DA:290,4
DA:292,4
DA:293,4
DA:294,4
DA:296,4
DA:298,4
BRDA:298,0,0,4
BRDA:298,0,1,0
DA:299,4
BRDA:299,0,0,4
BRDA:299,0,1,0
DA:300,4
DA:301,4
DA:304,4
BRDA:304,0,0,0
BRDA:304,0,1,4
DA:306,4
DA:309,4
BRDA:309,0,0,0
BRDA:309,0,1,4
DA:311,4
BRDA:311,0,0,4
BRDA:311,0,1,0
DA:312,4
BRDA:312,0,0,4
BRDA:312,0,1,0
DA:313,4
BRDA:313,0,0,4
BRDA:313,0,1,0
DA:314,4
BRDA:314,0,0,4
BRDA:314,0,1,0
DA:317,4
DA:319,4
DA:320,4
DA:321,4
DA:323,4
DA:324,4
DA:325,4
DA:327,4
DA:329,4
DA:331,4
BRDA:331,0,0,4
BRDA:331,0,1,0
DA:332,4
BRDA:332,0,0,4
BRDA:332,0,1,0
DA:333,4
DA:334,4
DA:336,4
DA:337,4
DA:339,40004
BRDA:339,0,0,40000
BRDA:339,0,1,4
DA:341,40000
DA:342,40000
DA:345,40000
BRDA:345,0,0,40000
BRDA:345,0,1,0
BRDA:345,0,2,0
BRDA:345,0,3,40000
DA:347,0
DA:348,0
DA:352,4
BRDA:352,0,0,0
BRDA:352,0,1,4
DA:354,4
BRDA:354,0,0,4
BRDA:354,0,1,0
DA:355,4
BRDA:355,0,0,4
BRDA:355,0,1,0
DA:356,4
BRDA:356,0,0,4
BRDA:356,0,1,0
DA:357,4
BRDA:357,0,0,4
BRDA:357,0,1,0
DA:360,4
DA:362,4
DA:363,4
DA:364,4
DA:366,4
DA:367,4
DA:368,4
DA:370,4
DA:372,4
DA:374,4
BRDA:374,0,0,4
BRDA:374,0,1,0
BRDA:374,0,2,4
BRDA:374,0,3,0
DA:375,4
BRDA:375,0,0,4
BRDA:375,0,1,0
BRDA:375,0,2,4
BRDA:375,0,3,0
DA:376,4
DA:377,4
DA:380,4
DA:382,4
DA:383,400004
BRDA:383,0,0,400000
BRDA:383,0,1,4
DA:384,400000
BRDA:384,0,0,400000
BRDA:384,0,1,0
DA:385,400000
BRDA:385,0,0,400000
BRDA:385,0,1,0
DA:389,4
DA:390,4
DA:391,24
BRDA:391,0,0,20
BRDA:391,0,1,4
DA:392,20
BRDA:392,0,0,20
BRDA:392,0,1,0
DA:393,20
BRDA:393,0,0,20
BRDA:393,0,1,0
BRDA:393,0,2,0
BRDA:393,0,3,20
DA:396,4
BRDA:396,0,0,4
BRDA:396,0,1,0
DA:397,4
BRDA:397,0,0,4
BRDA:397,0,1,0
DA:398,4
BRDA:398,0,0,4
BRDA:398,0,1,0
DA:399,4
BRDA:399,0,0,4
BRDA:399,0,1,0
DA:400,4
BRDA:400,0,0,4
BRDA:400,0,1,0
DA:402,4
BRDA:402,0,0,4
BRDA:402,0,1,0
BRDA:402,0,2,4
BRDA:402,0,3,0
BRDA:402,0,4,4
BRDA:402,0,5,0
end_of_record
SF:/home/jovan/Qt5.12.12/5.12.12/gcc_64/include/QtCore/qbytearray.h
FN:476,_ZN10QByteArrayD2Ev
FNDA:0,_ZN10QByteArrayD2Ev
FN:495,_ZN10QByteArray4dataEv
FNDA:0,_ZN10QByteArray4dataEv
FN:499,_ZNK10QByteArray9constDataEv
FNDA:0,_ZNK10QByteArray9constDataEv
FN:501,_ZN10QByteArray6detachEv
FNDA:0,_ZN10QByteArray6detachEv
DA:476,0
BRDA:476,0,0,-
BRDA:476,0,1,-
DA:495,0
DA:496,0
DA:499,0
DA:500,0
DA:501,0
DA:502,0
BRDA:502,0,0,-
BRDA:502,0,1,-
BRDA:502,0,2,-
BRDA:502,0,3,-
BRDA:502,0,4,-
BRDA:502,0,5,-
end_of_record
SF:/home/jovan/Qt5.12.12/5.12.12/gcc_64/include/QtCore/qcoreevent.h
DA:334,0
end_of_record
SF:/home/jovan/Qt5.12.12/5.12.12/gcc_64/include/QtCore/qatomic_cxx11.h
FN:225,_ZN10QAtomicOpsIiE4loadIiEET_RKSt6atomicIS2_E
FNDA:504,_ZN10QAtomicOpsIiE4loadIiEET_RKSt6atomicIS2_E
FN:263,_ZN10QAtomicOpsIiE3refIiEEbRSt6atomicIT_E
FNDA:84,_ZN10QAtomicOpsIiE3refIiEEbRSt6atomicIT_E
FN:269,_ZN10QAtomicOpsIiE5derefIiEEbRSt6atomicIT_E
FNDA:420,_ZN10QAtomicOpsIiE5derefIiEEbRSt6atomicIT_E
DA:225,504
DA:227,1008
DA:263,84
DA:265,84
DA:269,420
DA:271,420
end_of_record
SF:/home/jovan/Qt5.12.12/5.12.12/gcc_64/include/QtCore/qsize.h
FN:119,_ZN5QSizeC2Eii
FNDA:0,_ZN5QSizeC2Eii
FN:130,_ZNK5QSize5widthEv
FNDA:0,_ZNK5QSize5widthEv
FN:133,_ZNK5QSize6heightEv
FNDA:0,_ZNK5QSize6heightEv
DA:119,0
DA:130,0
DA:131,0
DA:133,0
DA:134,0
end_of_record
SF:/home/jovan/Qt5.12.12/5.12.12/gcc_64/include/QtWidgets/qwidget.h
FN:844,_ZNK7QWidget4rectEv
FNDA:0,_ZNK7QWidget4rectEv
DA:844,0
DA:845,0
end_of_record
SF:/home/jovan/Desktop/master/verifikacija/RS030-pacman/PacmanUnitTests/build-UnitTests-Desktop_Qt_5_12_12_GCC_64bit-Debug/tst_unittests.moc
FN:106,_ZN9unitTests18qt_static_metacallEP7QObjectN11QMetaObject4CallEiPPv
FNDA:52,_ZN9unitTests18qt_static_metacallEP7QObjectN11QMetaObject4CallEiPPv
FN:141,_ZNK9unitTests10metaObjectEv
FNDA:80,_ZNK9unitTests10metaObjectEv
FN:146,_ZN9unitTests11qt_metacastEPKc
FNDA:0,_ZN9unitTests11qt_metacastEPKc
FN:154,_ZN9unitTests11qt_metacallEN11QMetaObject4CallEiPPv
FNDA:0,_ZN9unitTests11qt_metacallEN11QMetaObject4CallEiPPv
DA:106,52
DA:108,52
BRDA:108,0,0,52
BRDA:108,0,1,0
DA:109,52
DA:111,52
BRDA:111,0,0,4
BRDA:111,0,1,4
BRDA:111,0,2,4
BRDA:111,0,3,4
BRDA:111,0,4,4
BRDA:111,0,5,4
BRDA:111,0,6,4
BRDA:111,0,7,4
BRDA:111,0,8,4
BRDA:111,0,9,4
BRDA:111,0,10,4
BRDA:111,0,11,4
BRDA:111,0,12,4
BRDA:111,0,13,0
DA:112,4
DA:113,4
DA:114,4
DA:115,4
DA:116,4
DA:117,4
DA:118,4
DA:119,4
DA:120,4
DA:121,4
DA:122,4
DA:123,4
DA:124,4
DA:125,52
DA:129,52
DA:141,80
DA:143,80
BRDA:143,0,0,0
BRDA:143,0,1,80
DA:146,0
DA:148,0
BRDA:148,0,0,-
BRDA:148,0,1,-
DA:149,0
BRDA:149,0,0,-
BRDA:149,0,1,-
DA:150,0
DA:151,0
DA:154,0
DA:156,0
DA:157,0
BRDA:157,0,0,-
BRDA:157,0,1,-
DA:158,0
DA:159,0
BRDA:159,0,0,-
BRDA:159,0,1,-
DA:160,0
BRDA:160,0,0,-
BRDA:160,0,1,-
DA:161,0
DA:162,0
DA:163,0
BRDA:163,0,0,-
BRDA:163,0,1,-
DA:164,0
BRDA:164,0,0,-
BRDA:164,0,1,-
DA:165,0
DA:166,0
DA:168,0
end_of_record
SF:/home/jovan/Qt5.12.12/5.12.12/gcc_64/include/QtCore/qnamespace.h
FN:110,_ZN2QtorENS_16KeyboardModifierES0_
FNDA:0,_ZN2QtorENS_16KeyboardModifierES0_
DA:110,0
end_of_record
SF:/home/jovan/Qt5.12.12/5.12.12/gcc_64/include/QtCore/qstring.h
FN:235,_ZN7QStringaSEOS_
FNDA:0,_ZN7QStringaSEOS_
FN:239,_ZNK7QString4sizeEv
FNDA:0,_ZNK7QString4sizeEv
FN:547,_ZNO7QString8toLatin1Ev
FNDA:0,_ZNO7QString8toLatin1Ev
FN:555,_ZNO7QString11toLocal8BitEv
FNDA:0,_ZNO7QString11toLocal8BitEv
FN:565,_ZN7QString10fromLatin1EPKci
FNDA:0,_ZN7QString10fromLatin1EPKci
FN:822,_ZNK7QString6isNullEv
FNDA:0,_ZNK7QString6isNullEv
FN:829,_ZN7QStringC2E14QStringDataPtr
FNDA:0,_ZN7QStringC2E14QStringDataPtr
FN:949,_ZNK7QString9constDataEv
FNDA:0,_ZNK7QString9constDataEv
FN:957,_ZN7QStringC2ERKS_
FNDA:84,_ZN7QStringC2ERKS_
FN:975,_ZNK7QString3argEiii5QChar
FNDA:0,_ZNK7QString3argEiii5QChar
FN:1134,_ZN7QStringC2Ev
FNDA:0,_ZN7QStringC2Ev
FN:1135,_ZN7QStringD2Ev
FNDA:420,_ZN7QStringD2Ev
FN:1872,_ZN9QtPrivate8asStringEO7QString
FNDA:0,_ZN9QtPrivate8asStringEO7QString
DA:235,0
DA:236,0
DA:239,0
DA:547,0
DA:548,0
DA:555,0
DA:556,0
BRDA:556,0,0,-
BRDA:556,0,1,-
DA:565,0
DA:567,0
BRDA:567,0,0,-
BRDA:567,0,1,-
BRDA:567,0,2,-
BRDA:567,0,3,-
BRDA:567,0,4,-
BRDA:567,0,5,-
DA:568,0
DA:822,0
DA:829,0
DA:949,0
DA:950,0
DA:957,84
DA:958,84
BRDA:958,0,0,0
BRDA:958,0,1,84
DA:975,0
DA:976,0
DA:1134,0
DA:1135,420
BRDA:1135,0,0,420
BRDA:1135,0,1,0
DA:1872,0
end_of_record
SF:/home/jovan/Desktop/master/verifikacija/RS030-pacman/RS030-pacman/qt/ghost.h
FN:30,_ZN5Ghost8getTimerEv
FNDA:8,_ZN5Ghost8getTimerEv
FN:31,_ZN5Ghost16getNextDirectionEv
FNDA:440000,_ZN5Ghost16getNextDirectionEv
DA:30,8
DA:31,440000
end_of_record
SF:/home/jovan/Qt5.12.12/5.12.12/gcc_64/include/QtCore/qrect.h
FN:184,_ZN5QRectC2Eiiii
FNDA:0,_ZN5QRectC2Eiiii
FN:262,_ZNK5QRect6centerEv
FNDA:0,_ZNK5QRect6centerEv
FN:265,_ZNK5QRect5widthEv
FNDA:0,_ZNK5QRect5widthEv
FN:268,_ZNK5QRect6heightEv
FNDA:0,_ZNK5QRect6heightEv
FN:271,_ZNK5QRect4sizeEv
FNDA:0,_ZNK5QRect4sizeEv
DA:184,0
DA:185,0
DA:262,0
DA:263,0
DA:265,0
DA:266,0
DA:268,0
DA:269,0
DA:271,0
DA:272,0
end_of_record
SF:/home/jovan/Qt5.12.12/5.12.12/gcc_64/include/QtCore/qpoint.h
FN:120,_ZN6QPointC2Ev
FNDA:0,_ZN6QPointC2Ev
FN:122,_ZN6QPointC2Eii
FNDA:0,_ZN6QPointC2Eii
FN:124,_ZNK6QPoint6isNullEv
FNDA:0,_ZNK6QPoint6isNullEv
FN:127,_ZNK6QPoint1xEv
FNDA:0,_ZNK6QPoint1xEv
FN:130,_ZNK6QPoint1yEv
FNDA:0,_ZNK6QPoint1yEv
FN:289,_ZN7QPointFC2ERK6QPoint
FNDA:0,_ZN7QPointFC2ERK6QPoint
DA:120,0
DA:122,0
DA:124,0
DA:125,0
BRDA:125,0,0,-
BRDA:125,0,1,-
BRDA:125,0,2,-
BRDA:125,0,3,-
DA:127,0
DA:128,0
DA:130,0
DA:131,0
DA:289,0
end_of_record
SF:/usr/include/c++/11/bits/atomic_base.h
FN:104,_ZStanSt12memory_orderSt23__memory_order_modifier
FNDA:504,_ZStanSt12memory_orderSt23__memory_order_modifier
FN:384,_ZNSt13__atomic_baseIiEppEv
FNDA:84,_ZNSt13__atomic_baseIiEppEv
FN:392,_ZNSt13__atomic_baseIiEmmEv
FNDA:420,_ZNSt13__atomic_baseIiEmmEv
DA:104,504
DA:106,504
DA:384,84
DA:385,84
DA:392,420
DA:393,420
DA:484,504
DA:488,504
end_of_record
SF:/usr/include/c++/11/ext/aligned_buffer.h
FN:102,_ZN9__gnu_cxx16__aligned_bufferISt4pairIKiiEE7_M_addrEv
FNDA:400060,_ZN9__gnu_cxx16__aligned_bufferISt4pairIKiiEE7_M_addrEv
FN:108,_ZNK9__gnu_cxx16__aligned_bufferISt4pairIKiiEE7_M_addrEv
FNDA:400016,_ZNK9__gnu_cxx16__aligned_bufferISt4pairIKiiEE7_M_addrEv
FN:114,_ZN9__gnu_cxx16__aligned_bufferISt4pairIKiiEE6_M_ptrEv
FNDA:400060,_ZN9__gnu_cxx16__aligned_bufferISt4pairIKiiEE6_M_ptrEv
FN:118,_ZNK9__gnu_cxx16__aligned_bufferISt4pairIKiiEE6_M_ptrEv
FNDA:400016,_ZNK9__gnu_cxx16__aligned_bufferISt4pairIKiiEE6_M_ptrEv
DA:102,400060
DA:104,400060
DA:108,400016
DA:110,400016
DA:114,400060
DA:115,400060
DA:118,400016
DA:119,400016
end_of_record
SF:/usr/include/c++/11/ext/new_allocator.h
FN:79,_ZN9__gnu_cxx13new_allocatorIPNSt8__detail15_Hash_node_baseEEC2Ev
FNDA:8,_ZN9__gnu_cxx13new_allocatorIPNSt8__detail15_Hash_node_baseEEC2Ev
FN:79,_ZN9__gnu_cxx13new_allocatorINSt8__detail10_Hash_nodeISt4pairIKiiELb0EEEEC2Ev
FNDA:4,_ZN9__gnu_cxx13new_allocatorINSt8__detail10_Hash_nodeISt4pairIKiiELb0EEEEC2Ev
FN:89,_ZN9__gnu_cxx13new_allocatorIPNSt8__detail15_Hash_node_baseEED2Ev
FNDA:8,_ZN9__gnu_cxx13new_allocatorIPNSt8__detail15_Hash_node_baseEED2Ev
FN:89,_ZN9__gnu_cxx13new_allocatorINSt8__detail10_Hash_nodeISt4pairIKiiELb0EEEED2Ev
FNDA:4,_ZN9__gnu_cxx13new_allocatorINSt8__detail10_Hash_nodeISt4pairIKiiELb0EEEED2Ev
FN:103,_ZN9__gnu_cxx13new_allocatorIPNSt8__detail15_Hash_node_baseEE8allocateEmPKv
FNDA:4,_ZN9__gnu_cxx13new_allocatorIPNSt8__detail15_Hash_node_baseEE8allocateEmPKv
FN:103,_ZN9__gnu_cxx13new_allocatorINSt8__detail10_Hash_nodeISt4pairIKiiELb0EEEE8allocateEmPKv
FNDA:20,_ZN9__gnu_cxx13new_allocatorINSt8__detail10_Hash_nodeISt4pairIKiiELb0EEEE8allocateEmPKv
FN:132,_ZN9__gnu_cxx13new_allocatorINSt8__detail10_Hash_nodeISt4pairIKiiELb0EEEE10deallocateEPS6_m
FNDA:20,_ZN9__gnu_cxx13new_allocatorINSt8__detail10_Hash_nodeISt4pairIKiiELb0EEEE10deallocateEPS6_m
FN:132,_ZN9__gnu_cxx13new_allocatorIPNSt8__detail15_Hash_node_baseEE10deallocateEPS3_m
FNDA:4,_ZN9__gnu_cxx13new_allocatorIPNSt8__detail15_Hash_node_baseEE10deallocateEPS3_m
FN:160,_ZN9__gnu_cxx13new_allocatorINSt8__detail10_Hash_nodeISt4pairIKiiELb0EEEE9constructIS5_JRKSt21piecewise_construct_tSt5tupleIJRS4_EESC_IJEEEEEvPT_DpOT0_
FNDA:0,_ZN9__gnu_cxx13new_allocatorINSt8__detail10_Hash_nodeISt4pairIKiiELb0EEEE9constructIS5_JRKSt21piecewise_construct_tSt5tupleIJRS4_EESC_IJEEEEEvPT_DpOT0_
FN:160,_ZN9__gnu_cxx13new_allocatorINSt8__detail10_Hash_nodeISt4pairIKiiELb0EEEE9constructIS5_JRKSt21piecewise_construct_tSt5tupleIJOiEESC_IJEEEEEvPT_DpOT0_
FNDA:20,_ZN9__gnu_cxx13new_allocatorINSt8__detail10_Hash_nodeISt4pairIKiiELb0EEEE9constructIS5_JRKSt21piecewise_construct_tSt5tupleIJOiEESC_IJEEEEEvPT_DpOT0_
FN:166,_ZN9__gnu_cxx13new_allocatorINSt8__detail10_Hash_nodeISt4pairIKiiELb0EEEE7destroyIS5_EEvPT_
FNDA:20,_ZN9__gnu_cxx13new_allocatorINSt8__detail10_Hash_nodeISt4pairIKiiELb0EEEE7destroyIS5_EEvPT_
FN:197,_ZNK9__gnu_cxx13new_allocatorIPNSt8__detail15_Hash_node_baseEE11_M_max_sizeEv
FNDA:4,_ZNK9__gnu_cxx13new_allocatorIPNSt8__detail15_Hash_node_baseEE11_M_max_sizeEv
FN:197,_ZNK9__gnu_cxx13new_allocatorINSt8__detail10_Hash_nodeISt4pairIKiiELb0EEEE11_M_max_sizeEv
FNDA:20,_ZNK9__gnu_cxx13new_allocatorINSt8__detail10_Hash_nodeISt4pairIKiiELb0EEEE11_M_max_sizeEv
DA:79,8
DA:79,4
DA:89,8
DA:89,4
DA:103,4
DA:111,4
BRDA:111,0,0,0
BRDA:111,0,1,4
DA:115,0
BRDA:115,0,0,-
BRDA:115,0,1,-
DA:116,0
DA:117,0
DA:127,4
DA:103,20
DA:111,20
BRDA:111,0,0,0
BRDA:111,0,1,20
DA:115,0
BRDA:115,0,0,-
BRDA:115,0,1,-
DA:116,0
DA:117,0
DA:127,20
DA:132,20
DA:145,20
DA:132,4
DA:145,4
DA:160,0
DA:162,0
BRDA:162,0,0,-
BRDA:162,0,1,-
DA:160,20
DA:162,20
BRDA:162,0,0,20
BRDA:162,0,1,0
DA:166,20
DA:168,20
DA:197,4
DA:200,4
DA:197,20
DA:200,20
end_of_record
SF:/usr/include/c++/11/bits/allocator.h
FN:156,_ZNSaINSt8__detail10_Hash_nodeISt4pairIKiiELb0EEEEC2Ev
FNDA:4,_ZNSaINSt8__detail10_Hash_nodeISt4pairIKiiELb0EEEEC2Ev
FN:169,_ZNSaIPNSt8__detail15_Hash_node_baseEEC2INS_10_Hash_nodeISt4pairIKiiELb0EEEEERKSaIT_E
FNDA:8,_ZNSaIPNSt8__detail15_Hash_node_baseEEC2INS_10_Hash_nodeISt4pairIKiiELb0EEEEERKSaIT_E
FN:174,_ZNSaIPNSt8__detail15_Hash_node_baseEED2Ev
FNDA:8,_ZNSaIPNSt8__detail15_Hash_node_baseEED2Ev
FN:174,_ZNSaINSt8__detail10_Hash_nodeISt4pairIKiiELb0EEEED2Ev
FNDA:4,_ZNSaINSt8__detail10_Hash_nodeISt4pairIKiiELb0EEEED2Ev
DA:156,4
DA:169,8
DA:174,8
DA:174,4
end_of_record
SF:/home/jovan/Qt5.12.12/5.12.12/gcc_64/include/QtGui/qcursor.h
FN:111,_ZN7QCursor6setPosERK6QPoint
FNDA:0,_ZN7QCursor6setPosERK6QPoint
DA:111,0
end_of_record
SF:/usr/include/c++/11/bits/ptr_traits.h
FN:149,_ZNSt14pointer_traitsIPNSt8__detail10_Hash_nodeISt4pairIKiiELb0EEEE10pointer_toERS5_
FNDA:20,_ZNSt14pointer_traitsIPNSt8__detail10_Hash_nodeISt4pairIKiiELb0EEEE10pointer_toERS5_
FN:149,_ZNSt14pointer_traitsIPPNSt8__detail15_Hash_node_baseEE10pointer_toERS2_
FNDA:4,_ZNSt14pointer_traitsIPPNSt8__detail15_Hash_node_baseEE10pointer_toERS2_
FN:159,_ZSt12__to_addressIPNSt8__detail15_Hash_node_baseEEPT_S4_
FNDA:4,_ZSt12__to_addressIPNSt8__detail15_Hash_node_baseEEPT_S4_
FN:159,_ZSt12__to_addressINSt8__detail10_Hash_nodeISt4pairIKiiELb0EEEEPT_S7_
FNDA:20,_ZSt12__to_addressINSt8__detail10_Hash_nodeISt4pairIKiiELb0EEEEPT_S7_
DA:149,20
DA:150,20
DA:149,4
DA:150,4
DA:159,4
DA:162,4
DA:159,20
DA:162,20
end_of_record
SF:/usr/include/c++/11/bits/hashtable_policy.h
FN:93,_ZNKSt8__detail10_Select1stclIRKSt4pairIKiiEEEDTcl3getILi0EEcl7forwardIT_Efp_EEEOS7_
FNDA:400016,_ZNKSt8__detail10_Select1stclIRKSt4pairIKiiEEEDTcl3getILi0EEcl7forwardIT_Efp_EEEOS7_
FN:219,_ZNSt8__detail15_Hash_node_baseC2Ev
FNDA:24,_ZNSt8__detail15_Hash_node_baseC2Ev
FN:237,_ZNSt8__detail21_Hash_node_value_baseISt4pairIKiiEE9_M_valptrEv
FNDA:400060,_ZNSt8__detail21_Hash_node_value_baseISt4pairIKiiEE9_M_valptrEv
FN:241,_ZNKSt8__detail21_Hash_node_value_baseISt4pairIKiiEE9_M_valptrEv
FNDA:400016,_ZNKSt8__detail21_Hash_node_value_baseISt4pairIKiiEE9_M_valptrEv
FN:245,_ZNSt8__detail21_Hash_node_value_baseISt4pairIKiiEE4_M_vEv
FNDA:400000,_ZNSt8__detail21_Hash_node_value_baseISt4pairIKiiEE4_M_vEv
FN:249,_ZNKSt8__detail21_Hash_node_value_baseISt4pairIKiiEE4_M_vEv
FNDA:400016,_ZNKSt8__detail21_Hash_node_value_baseISt4pairIKiiEE4_M_vEv
FN:282,_ZNKSt8__detail10_Hash_nodeISt4pairIKiiELb0EE7_M_nextEv
FNDA:36,_ZNKSt8__detail10_Hash_nodeISt4pairIKiiELb0EE7_M_nextEv
FN:295,_ZNSt8__detail19_Node_iterator_baseISt4pairIKiiELb0EEC2EPNS_10_Hash_nodeIS3_Lb0EEE
FNDA:20,_ZNSt8__detail19_Node_iterator_baseISt4pairIKiiELb0EEC2EPNS_10_Hash_nodeIS3_Lb0EEE
FN:338,_ZNSt8__detail14_Node_iteratorISt4pairIKiiELb0ELb0EEC2EPNS_10_Hash_nodeIS3_Lb0EEE
FNDA:20,_ZNSt8__detail14_Node_iteratorISt4pairIKiiELb0ELb0EEC2EPNS_10_Hash_nodeIS3_Lb0EEE
FN:346,_ZNKSt8__detail14_Node_iteratorISt4pairIKiiELb0ELb0EEptEv
FNDA:20,_ZNKSt8__detail14_Node_iteratorISt4pairIKiiELb0ELb0EEptEv
FN:428,_ZNKSt8__detail18_Mod_range_hashingclEmm
FNDA:400040,_ZNKSt8__detail18_Mod_range_hashingclEmm
FN:446,_ZNSt8__detail20_Prime_rehash_policyC2Ef
FNDA:4,_ZNSt8__detail20_Prime_rehash_policyC2Ef
FN:473,_ZNKSt8__detail20_Prime_rehash_policy8_M_stateEv
FNDA:20,_ZNKSt8__detail20_Prime_rehash_policy8_M_stateEv
FN:481,_ZNSt8__detail20_Prime_rehash_policy8_M_resetEm
FNDA:0,_ZNSt8__detail20_Prime_rehash_policy8_M_resetEm
FN:696,_ZNSt8__detail9_Map_baseIiSt4pairIKiiESaIS3_ENS_10_Select1stESt8equal_toIiESt4hashIiENS_18_Mod_range_hashingENS_20_Default_ranged_hashENS_20_Prime_rehash_policyENS_17_Hashtable_traitsILb0ELb0ELb1EEELb1EEixERS2_
FNDA:20,_ZNSt8__detail9_Map_baseIiSt4pairIKiiESaIS3_ENS_10_Select1stESt8equal_toIiESt4hashIiENS_18_Mod_range_hashingENS_20_Default_ranged_hashENS_20_Prime_rehash_policyENS_17_Hashtable_traitsILb0ELb0ELb1EEELb1EEixERS2_
FN:723,_ZNSt8__detail9_Map_baseIiSt4pairIKiiESaIS3_ENS_10_Select1stESt8equal_toIiESt4hashIiENS_18_Mod_range_hashingENS_20_Default_ranged_hashENS_20_Prime_rehash_policyENS_17_Hashtable_traitsILb0ELb0ELb1EEELb1EEixEOi
FNDA:400000,_ZNSt8__detail9_Map_baseIiSt4pairIKiiESaIS3_ENS_10_Select1stESt8equal_toIiESt4hashIiENS_18_Mod_range_hashingENS_20_Default_ranged_hashENS_20_Prime_rehash_policyENS_17_Hashtable_traitsILb0ELb0ELb1EEELb1EEixEOi
FN:1127,_ZNSt8__detail21_Hashtable_ebo_helperILi1ESt4hashIiELb1EEC2Ev
FNDA:4,_ZNSt8__detail21_Hashtable_ebo_helperILi1ESt4hashIiELb1EEC2Ev
FN:1127,_ZNSt8__detail21_Hashtable_ebo_helperILi0ESt8equal_toIiELb1EEC2Ev
FNDA:4,_ZNSt8__detail21_Hashtable_ebo_helperILi0ESt8equal_toIiELb1EEC2Ev
FN:1127,_ZNSt8__detail21_Hashtable_ebo_helperILi0ESaINS_10_Hash_nodeISt4pairIKiiELb0EEEELb1EEC2Ev
FNDA:4,_ZNSt8__detail21_Hashtable_ebo_helperILi0ESaINS_10_Hash_nodeISt4pairIKiiELb0EEEELb1EEC2Ev
FN:1134,_ZNKSt8__detail21_Hashtable_ebo_helperILi0ESt8equal_toIiELb1EE7_M_cgetEv
FNDA:400000,_ZNKSt8__detail21_Hashtable_ebo_helperILi0ESt8equal_toIiELb1EE7_M_cgetEv
FN:1134,_ZNKSt8__detail21_Hashtable_ebo_helperILi1ESt4hashIiELb1EE7_M_cgetEv
FNDA:400036,_ZNKSt8__detail21_Hashtable_ebo_helperILi1ESt4hashIiELb1EE7_M_cgetEv
FN:1135,_ZNSt8__detail21_Hashtable_ebo_helperILi0ESaINS_10_Hash_nodeISt4pairIKiiELb0EEEELb1EE6_M_getEv
FNDA:88,_ZNSt8__detail21_Hashtable_ebo_helperILi0ESaINS_10_Hash_nodeISt4pairIKiiELb0EEEELb1EE6_M_getEv
FN:1210,_ZNSt8__detail15_Hash_code_baseIiSt4pairIKiiENS_10_Select1stESt4hashIiENS_18_Mod_range_hashingENS_20_Default_ranged_hashELb0EEC2Ev
FNDA:4,_ZNSt8__detail15_Hash_code_baseIiSt4pairIKiiENS_10_Select1stESt4hashIiENS_18_Mod_range_hashingENS_20_Default_ranged_hashELb0EEC2Ev
FN:1215,_ZNKSt8__detail15_Hash_code_baseIiSt4pairIKiiENS_10_Select1stESt4hashIiENS_18_Mod_range_hashingENS_20_Default_ranged_hashELb0EE12_M_hash_codeERS2_
FNDA:400036,_ZNKSt8__detail15_Hash_code_baseIiSt4pairIKiiENS_10_Select1stESt4hashIiENS_18_Mod_range_hashingENS_20_Default_ranged_hashELb0EE12_M_hash_codeERS2_
FN:1232,_ZNKSt8__detail15_Hash_code_baseIiSt4pairIKiiENS_10_Select1stESt4hashIiENS_18_Mod_range_hashingENS_20_Default_ranged_hashELb0EE15_M_bucket_indexEmm
FNDA:400024,_ZNKSt8__detail15_Hash_code_baseIiSt4pairIKiiENS_10_Select1stESt4hashIiENS_18_Mod_range_hashingENS_20_Default_ranged_hashELb0EE15_M_bucket_indexEmm
FN:1236,_ZNKSt8__detail15_Hash_code_baseIiSt4pairIKiiENS_10_Select1stESt4hashIiENS_18_Mod_range_hashingENS_20_Default_ranged_hashELb0EE15_M_bucket_indexERKNS_16_Hash_node_valueIS3_Lb0EEEm
FNDA:16,_ZNKSt8__detail15_Hash_code_baseIiSt4pairIKiiENS_10_Select1stESt4hashIiENS_18_Mod_range_hashingENS_20_Default_ranged_hashELb0EE15_M_bucket_indexERKNS_16_Hash_node_valueIS3_Lb0EEEm
FN:1254,_ZNKSt8__detail15_Hash_code_baseIiSt4pairIKiiENS_10_Select1stESt4hashIiENS_18_Mod_range_hashingENS_20_Default_ranged_hashELb0EE13_M_store_codeERNS_21_Hash_node_code_cacheILb0EEEm
FNDA:20,_ZNKSt8__detail15_Hash_code_baseIiSt4pairIKiiENS_10_Select1stESt4hashIiENS_18_Mod_range_hashingENS_20_Default_ranged_hashELb0EE13_M_store_codeERNS_21_Hash_node_code_cacheILb0EEEm
FN:1276,_ZNKSt8__detail15_Hash_code_baseIiSt4pairIKiiENS_10_Select1stESt4hashIiENS_18_Mod_range_hashingENS_20_Default_ranged_hashELb0EE7_M_hashEv
FNDA:400036,_ZNKSt8__detail15_Hash_code_baseIiSt4pairIKiiENS_10_Select1stESt4hashIiENS_18_Mod_range_hashingENS_20_Default_ranged_hashELb0EE7_M_hashEv
FN:1586,_ZNSt8__detail15_Hashtable_baseIiSt4pairIKiiENS_10_Select1stESt8equal_toIiESt4hashIiENS_18_Mod_range_hashingENS_20_Default_ranged_hashENS_17_Hashtable_traitsILb0ELb0ELb1EEEE9_S_equalsEmRKNS_21_Hash_node_code_cacheILb0EEE
FNDA:400000,_ZNSt8__detail15_Hashtable_baseIiSt4pairIKiiENS_10_Select1stESt8equal_toIiESt4hashIiENS_18_Mod_range_hashingENS_20_Default_ranged_hashENS_17_Hashtable_traitsILb0ELb0ELb1EEEE9_S_equalsEmRKNS_21_Hash_node_code_cacheILb0EEE
FN:1604,_ZNSt8__detail15_Hashtable_baseIiSt4pairIKiiENS_10_Select1stESt8equal_toIiESt4hashIiENS_18_Mod_range_hashingENS_20_Default_ranged_hashENS_17_Hashtable_traitsILb0ELb0ELb1EEEEC2Ev
FNDA:4,_ZNSt8__detail15_Hashtable_baseIiSt4pairIKiiENS_10_Select1stESt8equal_toIiESt4hashIiENS_18_Mod_range_hashingENS_20_Default_ranged_hashENS_17_Hashtable_traitsILb0ELb0ELb1EEEEC2Ev
FN:1611,_ZNKSt8__detail15_Hashtable_baseIiSt4pairIKiiENS_10_Select1stESt8equal_toIiESt4hashIiENS_18_Mod_range_hashingENS_20_Default_ranged_hashENS_17_Hashtable_traitsILb0ELb0ELb1EEEE9_M_equalsERS2_mRKNS_16_Hash_node_valueIS3_Lb0EEE
FNDA:400000,_ZNKSt8__detail15_Hashtable_baseIiSt4pairIKiiENS_10_Select1stESt8equal_toIiESt4hashIiENS_18_Mod_range_hashingENS_20_Default_ranged_hashENS_17_Hashtable_traitsILb0ELb0ELb1EEEE9_M_equalsERS2_mRKNS_16_Hash_node_valueIS3_Lb0EEE
FN:1650,_ZNKSt8__detail15_Hashtable_baseIiSt4pairIKiiENS_10_Select1stESt8equal_toIiESt4hashIiENS_18_Mod_range_hashingENS_20_Default_ranged_hashENS_17_Hashtable_traitsILb0ELb0ELb1EEEE5_M_eqEv
FNDA:400000,_ZNKSt8__detail15_Hashtable_baseIiSt4pairIKiiENS_10_Select1stESt8equal_toIiESt4hashIiENS_18_Mod_range_hashingENS_20_Default_ranged_hashENS_17_Hashtable_traitsILb0ELb0ELb1EEEE5_M_eqEv
FN:1823,_ZNSt8__detail16_Hashtable_allocISaINS_10_Hash_nodeISt4pairIKiiELb0EEEEEC2Ev
FNDA:4,_ZNSt8__detail16_Hashtable_allocISaINS_10_Hash_nodeISt4pairIKiiELb0EEEEEC2Ev
FN:1833,_ZNSt8__detail16_Hashtable_allocISaINS_10_Hash_nodeISt4pairIKiiELb0EEEEE17_M_node_allocatorEv
FNDA:88,_ZNSt8__detail16_Hashtable_allocISaINS_10_Hash_nodeISt4pairIKiiELb0EEEEE17_M_node_allocatorEv
FN:1870,_ZNSt8__detail16_Hashtable_allocISaINS_10_Hash_nodeISt4pairIKiiELb0EEEEE16_M_allocate_nodeIJRKSt21piecewise_construct_tSt5tupleIJOiEESC_IJEEEEEPS5_DpOT_
FNDA:20,_ZNSt8__detail16_Hashtable_allocISaINS_10_Hash_nodeISt4pairIKiiELb0EEEEE16_M_allocate_nodeIJRKSt21piecewise_construct_tSt5tupleIJOiEESC_IJEEEEEPS5_DpOT_
FN:1870,_ZNSt8__detail16_Hashtable_allocISaINS_10_Hash_nodeISt4pairIKiiELb0EEEEE16_M_allocate_nodeIJRKSt21piecewise_construct_tSt5tupleIJRS3_EESC_IJEEEEEPS5_DpOT_
FNDA:0,_ZNSt8__detail16_Hashtable_allocISaINS_10_Hash_nodeISt4pairIKiiELb0EEEEE16_M_allocate_nodeIJRKSt21piecewise_construct_tSt5tupleIJRS3_EESC_IJEEEEEPS5_DpOT_
FN:1892,_ZNSt8__detail16_Hashtable_allocISaINS_10_Hash_nodeISt4pairIKiiELb0EEEEE18_M_deallocate_nodeEPS5_
FNDA:20,_ZNSt8__detail16_Hashtable_allocISaINS_10_Hash_nodeISt4pairIKiiELb0EEEEE18_M_deallocate_nodeEPS5_
FN:1900,_ZNSt8__detail16_Hashtable_allocISaINS_10_Hash_nodeISt4pairIKiiELb0EEEEE22_M_deallocate_node_ptrEPS5_
FNDA:20,_ZNSt8__detail16_Hashtable_allocISaINS_10_Hash_nodeISt4pairIKiiELb0EEEEE22_M_deallocate_node_ptrEPS5_
FN:1910,_ZNSt8__detail16_Hashtable_allocISaINS_10_Hash_nodeISt4pairIKiiELb0EEEEE19_M_deallocate_nodesEPS5_
FNDA:4,_ZNSt8__detail16_Hashtable_allocISaINS_10_Hash_nodeISt4pairIKiiELb0EEEEE19_M_deallocate_nodesEPS5_
FN:1922,_ZNSt8__detail16_Hashtable_allocISaINS_10_Hash_nodeISt4pairIKiiELb0EEEEE19_M_allocate_bucketsEm
FNDA:4,_ZNSt8__detail16_Hashtable_allocISaINS_10_Hash_nodeISt4pairIKiiELb0EEEEE19_M_allocate_bucketsEm
FN:1935,_ZNSt8__detail16_Hashtable_allocISaINS_10_Hash_nodeISt4pairIKiiELb0EEEEE21_M_deallocate_bucketsEPPNS_15_Hash_node_baseEm
FNDA:4,_ZNSt8__detail16_Hashtable_allocISaINS_10_Hash_nodeISt4pairIKiiELb0EEEEE21_M_deallocate_bucketsEPPNS_15_Hash_node_baseEm
DA:93,400016
DA:95,400016
DA:219,24
DA:237,400060
DA:238,400060
DA:241,400016
DA:242,400016
DA:245,400000
DA:246,400000
DA:249,400016
DA:250,400016
DA:282,36
DA:283,36
DA:295,20
DA:296,20
DA:338,20
DA:339,20
DA:346,20
DA:347,20
DA:428,400040
DA:430,400040
DA:446,4
DA:447,4
DA:473,20
DA:474,20
DA:481,0
DA:482,0
DA:696,20
DA:701,20
DA:702,20
BRDA:702,0,0,20
BRDA:702,0,1,0
DA:703,20
BRDA:703,0,0,20
BRDA:703,0,1,0
DA:704,20
BRDA:704,0,0,20
BRDA:704,0,1,0
BRDA:704,0,2,20
BRDA:704,0,3,0
DA:705,20
DA:707,0
BRDA:707,0,0,-
BRDA:707,0,1,-
DA:710,0
DA:711,0
DA:714,0
BRDA:714,0,0,-
BRDA:714,0,1,-
DA:715,0
DA:716,0
DA:717,0
DA:723,400000
DA:728,400000
DA:729,400000
BRDA:729,0,0,400000
BRDA:729,0,1,0
DA:730,400000
BRDA:730,0,0,400000
BRDA:730,0,1,0
DA:731,400000
BRDA:731,0,0,400000
BRDA:731,0,1,0
BRDA:731,0,2,399980
BRDA:731,0,3,20
DA:732,399980
DA:734,20
BRDA:734,0,0,20
BRDA:734,0,1,0
DA:737,20
DA:738,0
DA:741,20
BRDA:741,0,0,20
BRDA:741,0,1,0
DA:742,20
DA:743,20
DA:744,20
DA:1127,4
DA:1127,4
DA:1127,4
DA:1134,400000
DA:1134,400036
DA:1135,88
DA:1210,4
DA:1215,400036
DA:1219,400036
DA:1232,400024
DA:1233,400024
DA:1236,16
DA:1242,32
DA:1243,16
DA:1254,20
DA:1255,20
DA:1276,400036
DA:1586,400000
DA:1587,400000
DA:1604,4
DA:1611,400000
DA:1617,400000
BRDA:1617,0,0,400000
BRDA:1617,0,1,0
BRDA:1617,0,2,400000
BRDA:1617,0,3,0
BRDA:1617,0,4,400000
BRDA:1617,0,5,0
DA:1650,400000
DA:1823,4
DA:1833,88
DA:1834,88
DA:1870,0
DA:1873,0
DA:1874,0
DA:1877,0
DA:1878,0
BRDA:1878,0,0,-
BRDA:1878,0,1,-
BRDA:1878,0,2,-
BRDA:1878,0,3,-
DA:1881,0
DA:1883,0
DA:1885,0
BRDA:1885,0,0,0
BRDA:1885,0,1,0
BRDA:1885,0,2,0
BRDA:1885,0,3,0
DA:1886,0
DA:1870,20
DA:1873,20
DA:1874,20
DA:1877,20
DA:1878,20
BRDA:1878,0,0,20
BRDA:1878,0,1,0
BRDA:1878,0,2,20
BRDA:1878,0,3,0
DA:1881,20
DA:1883,0
DA:1885,0
BRDA:1885,0,0,0
BRDA:1885,0,1,0
BRDA:1885,0,2,0
BRDA:1885,0,3,0
DA:1886,0
DA:1892,20
DA:1894,20
DA:1895,20
DA:1896,20
DA:1900,20
DA:1903,20
DA:1904,20
DA:1905,20
DA:1906,20
DA:1910,4
DA:1912,24
BRDA:1912,0,0,20
BRDA:1912,0,1,4
DA:1914,20
DA:1915,20
DA:1916,20
DA:1918,4
DA:1922,4
DA:1925,4
BRDA:1925,0,0,4
BRDA:1925,0,1,0
DA:1927,4
BRDA:1927,0,0,4
BRDA:1927,0,1,0
DA:1928,4
DA:1929,4
DA:1930,4
DA:1931,4
DA:1935,4
DA:1940,4
DA:1941,4
BRDA:1941,0,0,4
BRDA:1941,0,1,0
DA:1942,4
BRDA:1942,0,0,4
BRDA:1942,0,1,0
DA:1943,4
end_of_record
SF:/usr/include/c++/11/iostream
end_of_record
SF:/home/jovan/Qt5.12.12/5.12.12/gcc_64/include/QtTest/qtestspontaneevent.h
FN:86,_ZN17QSpontaneKeyEvent14setSpontaneousEP6QEvent
FNDA:0,_ZN17QSpontaneKeyEvent14setSpontaneousEP6QEvent
DA:86,0
DA:89,0
end_of_record
SF:/home/jovan/Qt5.12.12/5.12.12/gcc_64/include/QtCore/qbasicatomic.h
FN:103,_ZNK19QBasicAtomicIntegerIiE4loadEv
FNDA:504,_ZNK19QBasicAtomicIntegerIiE4loadEv
FN:114,_ZN19QBasicAtomicIntegerIiE3refEv
FNDA:84,_ZN19QBasicAtomicIntegerIiE3refEv
FN:115,_ZN19QBasicAtomicIntegerIiE5derefEv
FNDA:420,_ZN19QBasicAtomicIntegerIiE5derefEv
DA:103,504
DA:114,84
DA:115,420
end_of_record
SF:/usr/include/c++/11/bits/hashtable.h
FN:302,_ZNSt10_HashtableIiSt4pairIKiiESaIS2_ENSt8__detail10_Select1stESt8equal_toIiESt4hashIiENS4_18_Mod_range_hashingENS4_20_Default_ranged_hashENS4_20_Prime_rehash_policyENS4_17_Hashtable_traitsILb0ELb0ELb1EEEE12_Scoped_nodeC2IJRKSt21piecewise_construct_tSt5tupleIJOiEESL_IJEEEEEPNS4_16_Hashtable_allocISaINS4_10_Hash_nodeIS2_Lb0EEEEEEDpOT_
FNDA:20,_ZNSt10_HashtableIiSt4pairIKiiESaIS2_ENSt8__detail10_Select1stESt8equal_toIiESt4hashIiENS4_18_Mod_range_hashingENS4_20_Default_ranged_hashENS4_20_Prime_rehash_policyENS4_17_Hashtable_traitsILb0ELb0ELb1EEEE12_Scoped_nodeC2IJRKSt21piecewise_construct_tSt5tupleIJOiEESL_IJEEEEEPNS4_16_Hashtable_allocISaINS4_10_Hash_nodeIS2_Lb0EEEEEEDpOT_
FN:302,_ZNSt10_HashtableIiSt4pairIKiiESaIS2_ENSt8__detail10_Select1stESt8equal_toIiESt4hashIiENS4_18_Mod_range_hashingENS4_20_Default_ranged_hashENS4_20_Prime_rehash_policyENS4_17_Hashtable_traitsILb0ELb0ELb1EEEE12_Scoped_nodeC2IJRKSt21piecewise_construct_tSt5tupleIJRS1_EESL_IJEEEEEPNS4_16_Hashtable_allocISaINS4_10_Hash_nodeIS2_Lb0EEEEEEDpOT_
FNDA:0,_ZNSt10_HashtableIiSt4pairIKiiESaIS2_ENSt8__detail10_Select1stESt8equal_toIiESt4hashIiENS4_18_Mod_range_hashingENS4_20_Default_ranged_hashENS4_20_Prime_rehash_policyENS4_17_Hashtable_traitsILb0ELb0ELb1EEEE12_Scoped_nodeC2IJRKSt21piecewise_construct_tSt5tupleIJRS1_EESL_IJEEEEEPNS4_16_Hashtable_allocISaINS4_10_Hash_nodeIS2_Lb0EEEEEEDpOT_
FN:308,_ZNSt10_HashtableIiSt4pairIKiiESaIS2_ENSt8__detail10_Select1stESt8equal_toIiESt4hashIiENS4_18_Mod_range_hashingENS4_20_Default_ranged_hashENS4_20_Prime_rehash_policyENS4_17_Hashtable_traitsILb0ELb0ELb1EEEE12_Scoped_nodeD2Ev
FNDA:20,_ZNSt10_HashtableIiSt4pairIKiiESaIS2_ENSt8__detail10_Select1stESt8equal_toIiESt4hashIiENS4_18_Mod_range_hashingENS4_20_Default_ranged_hashENS4_20_Prime_rehash_policyENS4_17_Hashtable_traitsILb0ELb0ELb1EEEE12_Scoped_nodeD2Ev
FN:421,_ZNKSt10_HashtableIiSt4pairIKiiESaIS2_ENSt8__detail10_Select1stESt8equal_toIiESt4hashIiENS4_18_Mod_range_hashingENS4_20_Default_ranged_hashENS4_20_Prime_rehash_policyENS4_17_Hashtable_traitsILb0ELb0ELb1EEEE21_M_uses_single_bucketEPPNS4_15_Hash_node_baseE
FNDA:8,_ZNKSt10_HashtableIiSt4pairIKiiESaIS2_ENSt8__detail10_Select1stESt8equal_toIiESt4hashIiENS4_18_Mod_range_hashingENS4_20_Default_ranged_hashENS4_20_Prime_rehash_policyENS4_17_Hashtable_traitsILb0ELb0ELb1EEEE21_M_uses_single_bucketEPPNS4_15_Hash_node_baseE
FN:432,_ZNSt10_HashtableIiSt4pairIKiiESaIS2_ENSt8__detail10_Select1stESt8equal_toIiESt4hashIiENS4_18_Mod_range_hashingENS4_20_Default_ranged_hashENS4_20_Prime_rehash_policyENS4_17_Hashtable_traitsILb0ELb0ELb1EEEE19_M_allocate_bucketsEm
FNDA:4,_ZNSt10_HashtableIiSt4pairIKiiESaIS2_ENSt8__detail10_Select1stESt8equal_toIiESt4hashIiENS4_18_Mod_range_hashingENS4_20_Default_ranged_hashENS4_20_Prime_rehash_policyENS4_17_Hashtable_traitsILb0ELb0ELb1EEEE19_M_allocate_bucketsEm
FN:444,_ZNSt10_HashtableIiSt4pairIKiiESaIS2_ENSt8__detail10_Select1stESt8equal_toIiESt4hashIiENS4_18_Mod_range_hashingENS4_20_Default_ranged_hashENS4_20_Prime_rehash_policyENS4_17_Hashtable_traitsILb0ELb0ELb1EEEE21_M_deallocate_bucketsEPPNS4_15_Hash_node_baseEm
FNDA:8,_ZNSt10_HashtableIiSt4pairIKiiESaIS2_ENSt8__detail10_Select1stESt8equal_toIiESt4hashIiENS4_18_Mod_range_hashingENS4_20_Default_ranged_hashENS4_20_Prime_rehash_policyENS4_17_Hashtable_traitsILb0ELb0ELb1EEEE21_M_deallocate_bucketsEPPNS4_15_Hash_node_baseEm
FN:453,_ZNSt10_HashtableIiSt4pairIKiiESaIS2_ENSt8__detail10_Select1stESt8equal_toIiESt4hashIiENS4_18_Mod_range_hashingENS4_20_Default_ranged_hashENS4_20_Prime_rehash_policyENS4_17_Hashtable_traitsILb0ELb0ELb1EEEE21_M_deallocate_bucketsEv
FNDA:8,_ZNSt10_HashtableIiSt4pairIKiiESaIS2_ENSt8__detail10_Select1stESt8equal_toIiESt4hashIiENS4_18_Mod_range_hashingENS4_20_Default_ranged_hashENS4_20_Prime_rehash_policyENS4_17_Hashtable_traitsILb0ELb0ELb1EEEE21_M_deallocate_bucketsEv
FN:462,_ZNKSt10_HashtableIiSt4pairIKiiESaIS2_ENSt8__detail10_Select1stESt8equal_toIiESt4hashIiENS4_18_Mod_range_hashingENS4_20_Default_ranged_hashENS4_20_Prime_rehash_policyENS4_17_Hashtable_traitsILb0ELb0ELb1EEEE8_M_beginEv
FNDA:8,_ZNKSt10_HashtableIiSt4pairIKiiESaIS2_ENSt8__detail10_Select1stESt8equal_toIiESt4hashIiENS4_18_Mod_range_hashingENS4_20_Default_ranged_hashENS4_20_Prime_rehash_policyENS4_17_Hashtable_traitsILb0ELb0ELb1EEEE8_M_beginEv
FN:528,_ZNSt10_HashtableIiSt4pairIKiiESaIS2_ENSt8__detail10_Select1stESt8equal_toIiESt4hashIiENS4_18_Mod_range_hashingENS4_20_Default_ranged_hashENS4_20_Prime_rehash_policyENS4_17_Hashtable_traitsILb0ELb0ELb1EEEEC2Ev
FNDA:4,_ZNSt10_HashtableIiSt4pairIKiiESaIS2_ENSt8__detail10_Select1stESt8equal_toIiESt4hashIiENS4_18_Mod_range_hashingENS4_20_Default_ranged_hashENS4_20_Prime_rehash_policyENS4_17_Hashtable_traitsILb0ELb0ELb1EEEEC2Ev
FN:790,_ZNKSt10_HashtableIiSt4pairIKiiESaIS2_ENSt8__detail10_Select1stESt8equal_toIiESt4hashIiENS4_18_Mod_range_hashingENS4_20_Default_ranged_hashENS4_20_Prime_rehash_policyENS4_17_Hashtable_traitsILb0ELb0ELb1EEEE15_M_bucket_indexERKNS4_16_Hash_node_valueIS2_Lb0EEE
FNDA:16,_ZNKSt10_HashtableIiSt4pairIKiiESaIS2_ENSt8__detail10_Select1stESt8equal_toIiESt4hashIiENS4_18_Mod_range_hashingENS4_20_Default_ranged_hashENS4_20_Prime_rehash_policyENS4_17_Hashtable_traitsILb0ELb0ELb1EEEE15_M_bucket_indexERKNS4_16_Hash_node_valueIS2_Lb0EEE
FN:794,_ZNKSt10_HashtableIiSt4pairIKiiESaIS2_ENSt8__detail10_Select1stESt8equal_toIiESt4hashIiENS4_18_Mod_range_hashingENS4_20_Default_ranged_hashENS4_20_Prime_rehash_policyENS4_17_Hashtable_traitsILb0ELb0ELb1EEEE15_M_bucket_indexEm
FNDA:400024,_ZNKSt10_HashtableIiSt4pairIKiiESaIS2_ENSt8__detail10_Select1stESt8equal_toIiESt4hashIiENS4_18_Mod_range_hashingENS4_20_Default_ranged_hashENS4_20_Prime_rehash_policyENS4_17_Hashtable_traitsILb0ELb0ELb1EEEE15_M_bucket_indexEm
FN:807,_ZNKSt10_HashtableIiSt4pairIKiiESaIS2_ENSt8__detail10_Select1stESt8equal_toIiESt4hashIiENS4_18_Mod_range_hashingENS4_20_Default_ranged_hashENS4_20_Prime_rehash_policyENS4_17_Hashtable_traitsILb0ELb0ELb1EEEE12_M_find_nodeEmRS1_m
FNDA:400020,_ZNKSt10_HashtableIiSt4pairIKiiESaIS2_ENSt8__detail10_Select1stESt8equal_toIiESt4hashIiENS4_18_Mod_range_hashingENS4_20_Default_ranged_hashENS4_20_Prime_rehash_policyENS4_17_Hashtable_traitsILb0ELb0ELb1EEEE12_M_find_nodeEmRS1_m
FN:1528,_ZNSt10_HashtableIiSt4pairIKiiESaIS2_ENSt8__detail10_Select1stESt8equal_toIiESt4hashIiENS4_18_Mod_range_hashingENS4_20_Default_ranged_hashENS4_20_Prime_rehash_policyENS4_17_Hashtable_traitsILb0ELb0ELb1EEEED2Ev
FNDA:4,_ZNSt10_HashtableIiSt4pairIKiiESaIS2_ENSt8__detail10_Select1stESt8equal_toIiESt4hashIiENS4_18_Mod_range_hashingENS4_20_Default_ranged_hashENS4_20_Prime_rehash_policyENS4_17_Hashtable_traitsILb0ELb0ELb1EEEED2Ev
FN:1827,_ZNKSt10_HashtableIiSt4pairIKiiESaIS2_ENSt8__detail10_Select1stESt8equal_toIiESt4hashIiENS4_18_Mod_range_hashingENS4_20_Default_ranged_hashENS4_20_Prime_rehash_policyENS4_17_Hashtable_traitsILb0ELb0ELb1EEEE19_M_find_before_nodeEmRS1_m
FNDA:400020,_ZNKSt10_HashtableIiSt4pairIKiiESaIS2_ENSt8__detail10_Select1stESt8equal_toIiESt4hashIiENS4_18_Mod_range_hashingENS4_20_Default_ranged_hashENS4_20_Prime_rehash_policyENS4_17_Hashtable_traitsILb0ELb0ELb1EEEE19_M_find_before_nodeEmRS1_m
FN:1886,_ZNSt10_HashtableIiSt4pairIKiiESaIS2_ENSt8__detail10_Select1stESt8equal_toIiESt4hashIiENS4_18_Mod_range_hashingENS4_20_Default_ranged_hashENS4_20_Prime_rehash_policyENS4_17_Hashtable_traitsILb0ELb0ELb1EEEE22_M_insert_bucket_beginEmPNS4_10_Hash_nodeIS2_Lb0EEE
FNDA:20,_ZNSt10_HashtableIiSt4pairIKiiESaIS2_ENSt8__detail10_Select1stESt8equal_toIiESt4hashIiENS4_18_Mod_range_hashingENS4_20_Default_ranged_hashENS4_20_Prime_rehash_policyENS4_17_Hashtable_traitsILb0ELb0ELb1EEEE22_M_insert_bucket_beginEmPNS4_10_Hash_nodeIS2_Lb0EEE
FN:2008,_ZNSt10_HashtableIiSt4pairIKiiESaIS2_ENSt8__detail10_Select1stESt8equal_toIiESt4hashIiENS4_18_Mod_range_hashingENS4_20_Default_ranged_hashENS4_20_Prime_rehash_policyENS4_17_Hashtable_traitsILb0ELb0ELb1EEEE21_M_insert_unique_nodeEmmPNS4_10_Hash_nodeIS2_Lb0EEEm
FNDA:20,_ZNSt10_HashtableIiSt4pairIKiiESaIS2_ENSt8__detail10_Select1stESt8equal_toIiESt4hashIiENS4_18_Mod_range_hashingENS4_20_Default_ranged_hashENS4_20_Prime_rehash_policyENS4_17_Hashtable_traitsILb0ELb0ELb1EEEE21_M_insert_unique_nodeEmmPNS4_10_Hash_nodeIS2_Lb0EEEm
FN:2316,_ZNSt10_HashtableIiSt4pairIKiiESaIS2_ENSt8__detail10_Select1stESt8equal_toIiESt4hashIiENS4_18_Mod_range_hashingENS4_20_Default_ranged_hashENS4_20_Prime_rehash_policyENS4_17_Hashtable_traitsILb0ELb0ELb1EEEE5clearEv
FNDA:4,_ZNSt10_HashtableIiSt4pairIKiiESaIS2_ENSt8__detail10_Select1stESt8equal_toIiESt4hashIiENS4_18_Mod_range_hashingENS4_20_Default_ranged_hashENS4_20_Prime_rehash_policyENS4_17_Hashtable_traitsILb0ELb0ELb1EEEE5clearEv
FN:2355,_ZNSt10_HashtableIiSt4pairIKiiESaIS2_ENSt8__detail10_Select1stESt8equal_toIiESt4hashIiENS4_18_Mod_range_hashingENS4_20_Default_ranged_hashENS4_20_Prime_rehash_policyENS4_17_Hashtable_traitsILb0ELb0ELb1EEEE9_M_rehashEmRKm
FNDA:4,_ZNSt10_HashtableIiSt4pairIKiiESaIS2_ENSt8__detail10_Select1stESt8equal_toIiESt4hashIiENS4_18_Mod_range_hashingENS4_20_Default_ranged_hashENS4_20_Prime_rehash_policyENS4_17_Hashtable_traitsILb0ELb0ELb1EEEE9_M_rehashEmRKm
FN:2378,_ZNSt10_HashtableIiSt4pairIKiiESaIS2_ENSt8__detail10_Select1stESt8equal_toIiESt4hashIiENS4_18_Mod_range_hashingENS4_20_Default_ranged_hashENS4_20_Prime_rehash_policyENS4_17_Hashtable_traitsILb0ELb0ELb1EEEE13_M_rehash_auxEmSt17integral_constantIbLb1EE
FNDA:4,_ZNSt10_HashtableIiSt4pairIKiiESaIS2_ENSt8__detail10_Select1stESt8equal_toIiESt4hashIiENS4_18_Mod_range_hashingENS4_20_Default_ranged_hashENS4_20_Prime_rehash_policyENS4_17_Hashtable_traitsILb0ELb0ELb1EEEE13_M_rehash_auxEmSt17integral_constantIbLb1EE
DA:302,0
DA:303,0
DA:304,0
DA:305,0
DA:302,20
DA:303,20
DA:304,20
DA:305,20
DA:308,20
BRDA:308,0,0,0
BRDA:308,0,1,20
DA:421,8
DA:422,8
DA:432,4
DA:434,4
BRDA:434,0,0,0
BRDA:434,0,1,4
DA:436,0
DA:437,0
DA:440,4
DA:444,8
DA:446,8
BRDA:446,0,0,4
BRDA:446,0,1,4
DA:447,4
DA:449,4
DA:453,8
DA:454,8
DA:462,8
DA:463,8
DA:528,4
DA:790,16
DA:791,16
DA:794,400024
DA:795,400024
DA:807,400020
DA:810,400020
DA:811,400020
BRDA:811,0,0,400000
BRDA:811,0,1,20
DA:812,400000
DA:813,20
DA:1528,4
DA:1532,4
DA:1533,4
DA:1534,4
DA:1827,400020
DA:1833,400020
DA:1834,400020
BRDA:1834,0,0,20
BRDA:1834,0,1,400000
DA:1835,20
DA:1837,400000
DA:1838,0
DA:1840,400000
BRDA:1840,0,0,400000
BRDA:1840,0,1,0
DA:1841,400000
DA:1843,0
BRDA:1843,0,0,-
BRDA:1843,0,1,-
BRDA:1843,0,2,-
BRDA:1843,0,3,-
BRDA:1843,0,4,-
BRDA:1843,0,5,-
DA:1844,0
DA:1845,0
DA:1848,0
DA:1886,20
DA:1890,20
BRDA:1890,0,0,0
BRDA:1890,0,1,20
DA:1894,0
DA:1895,0
DA:1902,20
DA:1903,20
DA:1905,20
BRDA:1905,0,0,16
BRDA:1905,0,1,4
DA:1908,16
DA:1910,20
DA:1912,20
DA:2008,20
DA:2014,20
DA:2016,20
BRDA:2016,0,0,20
BRDA:2016,0,1,0
DA:2019,20
BRDA:2019,0,0,4
BRDA:2019,0,1,16
DA:2021,4
BRDA:2021,0,0,4
BRDA:2021,0,1,0
DA:2022,4
BRDA:2022,0,0,4
BRDA:2022,0,1,0
DA:2025,20
DA:2028,20
DA:2029,20
DA:2030,20
DA:2316,4
DA:2320,4
DA:2321,4
DA:2322,4
DA:2323,4
DA:2324,4
DA:2325,4
DA:2355,4
DA:2361,4
BRDA:2361,0,0,4
BRDA:2361,0,1,0
DA:2363,0
DA:2367,0
DA:2368,0
DA:2370,4
DA:2378,4
DA:2382,4
DA:2383,4
DA:2384,4
DA:2385,4
DA:2386,4
BRDA:2386,0,0,0
BRDA:2386,0,1,4
DA:2388,0
DA:2390,0
DA:2391,0
BRDA:2391,0,0,-
BRDA:2391,0,1,-
DA:2393,0
DA:2394,0
DA:2395,0
DA:2396,0
BRDA:2396,0,0,-
BRDA:2396,0,1,-
DA:2397,0
DA:2398,0
DA:2402,0
DA:2403,0
DA:2406,0
DA:2409,4
DA:2410,4
DA:2411,4
DA:2412,4
end_of_record
SF:/usr/include/c++/11/bits/unordered_map.h
FN:141,_ZNSt13unordered_mapIiiSt4hashIiESt8equal_toIiESaISt4pairIKiiEEEC2Ev
FNDA:4,_ZNSt13unordered_mapIiiSt4hashIiESt8equal_toIiESaISt4pairIKiiEEEC2Ev
FN:979,_ZNSt13unordered_mapIiiSt4hashIiESt8equal_toIiESaISt4pairIKiiEEEixERS5_
FNDA:20,_ZNSt13unordered_mapIiiSt4hashIiESt8equal_toIiESaISt4pairIKiiEEEixERS5_
FN:983,_ZNSt13unordered_mapIiiSt4hashIiESt8equal_toIiESaISt4pairIKiiEEEixEOi
FNDA:400000,_ZNSt13unordered_mapIiiSt4hashIiESt8equal_toIiESaISt4pairIKiiEEEixEOi
DA:141,4
DA:979,20
DA:980,20
DA:983,400000
DA:984,400000
end_of_record
SF:/home/jovan/Qt5.12.12/5.12.12/gcc_64/include/QtCore/qsharedpointer_impl.h
FN:155,_ZN15QtSharedPointer20ExternalRefCountDataD2Ev
FNDA:0,_ZN15QtSharedPointer20ExternalRefCountDataD2Ev
FN:167,_ZN15QtSharedPointer20ExternalRefCountDatadlEPv
FNDA:0,_ZN15QtSharedPointer20ExternalRefCountDatadlEPv
FN:569,_ZNK12QWeakPointerI7QObjectE4dataEv
FNDA:0,_ZNK12QWeakPointerI7QObjectE4dataEv
FN:572,_ZN12QWeakPointerI7QObjectED2Ev
FNDA:0,_ZN12QWeakPointerI7QObjectED2Ev
FN:688,_ZN12QWeakPointerI7QObjectEC2I7QWindowEEPT_b
FNDA:0,_ZN12QWeakPointerI7QObjectEC2I7QWindowEEPT_b
FN:688,_ZN12QWeakPointerI7QObjectEC2I7QWidgetEEPT_b
FNDA:0,_ZN12QWeakPointerI7QObjectEC2I7QWidgetEEPT_b
DA:155,0
BRDA:155,0,0,-
BRDA:155,0,1,-
BRDA:155,0,2,-
BRDA:155,0,3,-
DA:167,0
DA:569,0
BRDA:569,0,0,-
BRDA:569,0,1,-
BRDA:569,0,2,-
BRDA:569,0,3,-
DA:572,0
BRDA:572,0,0,-
BRDA:572,0,1,-
BRDA:572,0,2,-
BRDA:572,0,3,-
BRDA:572,0,4,-
BRDA:572,0,5,-
BRDA:572,0,6,-
BRDA:572,0,7,-
DA:688,0
BRDA:688,0,0,-
BRDA:688,0,1,-
DA:689,0
DA:688,0
BRDA:688,0,0,-
BRDA:688,0,1,-
DA:689,0
end_of_record
SF:/home/jovan/Qt5.12.12/5.12.12/gcc_64/include/QtGui/qevent.h
FN:75,_ZNK11QInputEvent9timestampEv
FNDA:0,_ZNK11QInputEvent9timestampEv
FN:76,_ZN11QInputEvent12setTimestampEm
FNDA:0,_ZN11QInputEvent12setTimestampEm
DA:75,0
DA:76,0
end_of_record
SF:/usr/include/c++/11/bits/alloc_traits.h
FN:463,_ZNSt16allocator_traitsISaIPNSt8__detail15_Hash_node_baseEEE8allocateERS3_m
FNDA:4,_ZNSt16allocator_traitsISaIPNSt8__detail15_Hash_node_baseEEE8allocateERS3_m
FN:463,_ZNSt16allocator_traitsISaINSt8__detail10_Hash_nodeISt4pairIKiiELb0EEEEE8allocateERS6_m
FNDA:20,_ZNSt16allocator_traitsISaINSt8__detail10_Hash_nodeISt4pairIKiiELb0EEEEE8allocateERS6_m
FN:495,_ZNSt16allocator_traitsISaINSt8__detail10_Hash_nodeISt4pairIKiiELb0EEEEE10deallocateERS6_PS5_m
FNDA:20,_ZNSt16allocator_traitsISaINSt8__detail10_Hash_nodeISt4pairIKiiELb0EEEEE10deallocateERS6_PS5_m
FN:495,_ZNSt16allocator_traitsISaIPNSt8__detail15_Hash_node_baseEEE10deallocateERS3_PS2_m
FNDA:4,_ZNSt16allocator_traitsISaIPNSt8__detail15_Hash_node_baseEEE10deallocateERS3_PS2_m
FN:511,_ZNSt16allocator_traitsISaINSt8__detail10_Hash_nodeISt4pairIKiiELb0EEEEE9constructIS4_JRKSt21piecewise_construct_tSt5tupleIJRS3_EESC_IJEEEEEvRS6_PT_DpOT0_
FNDA:0,_ZNSt16allocator_traitsISaINSt8__detail10_Hash_nodeISt4pairIKiiELb0EEEEE9constructIS4_JRKSt21piecewise_construct_tSt5tupleIJRS3_EESC_IJEEEEEvRS6_PT_DpOT0_
FN:511,_ZNSt16allocator_traitsISaINSt8__detail10_Hash_nodeISt4pairIKiiELb0EEEEE9constructIS4_JRKSt21piecewise_construct_tSt5tupleIJOiEESC_IJEEEEEvRS6_PT_DpOT0_
FNDA:20,_ZNSt16allocator_traitsISaINSt8__detail10_Hash_nodeISt4pairIKiiELb0EEEEE9constructIS4_JRKSt21piecewise_construct_tSt5tupleIJOiEESC_IJEEEEEvRS6_PT_DpOT0_
FN:531,_ZNSt16allocator_traitsISaINSt8__detail10_Hash_nodeISt4pairIKiiELb0EEEEE7destroyIS4_EEvRS6_PT_
FNDA:20,_ZNSt16allocator_traitsISaINSt8__detail10_Hash_nodeISt4pairIKiiELb0EEEEE7destroyIS4_EEvRS6_PT_
DA:463,4
DA:464,4
DA:463,20
DA:464,20
DA:495,20
DA:496,20
DA:495,4
DA:496,4
DA:511,0
DA:516,0
DA:520,0
DA:511,20
DA:516,20
DA:520,20
DA:531,20
DA:535,20
DA:539,20
end_of_record
SF:/home/jovan/Qt5.12.12/5.12.12/gcc_64/include/QtCore/qchar.h
FN:53,_ZN11QLatin1CharC2Ec
FNDA:0,_ZN11QLatin1CharC2Ec
FN:55,_ZNK11QLatin1Char7unicodeEv
FNDA:0,_ZNK11QLatin1Char7unicodeEv
FN:82,_ZN5QCharC2Et
FNDA:0,_ZN5QCharC2Et
FN:88,_ZN5QCharC2E11QLatin1Char
FNDA:0,_ZN5QCharC2E11QLatin1Char
FN:460,_ZN5QChar10fromLatin1Ec
FNDA:0,_ZN5QChar10fromLatin1Ec
DA:53,0
DA:55,0
DA:82,0
DA:88,0
DA:460,0
end_of_record
TN:
SF:/home/jovan/Qt5.12.12/5.12.12/gcc_64/include/QtWidgets/qgraphicsitem.h
FN:273,_ZNK13QGraphicsItem1xEv
FNDA:0,_ZNK13QGraphicsItem1xEv
FN:275,_ZNK13QGraphicsItem1yEv
FNDA:0,_ZNK13QGraphicsItem1yEv
FN:492,_ZN13QGraphicsItem6setPosEdd
FNDA:0,_ZN13QGraphicsItem6setPosEdd
DA:273,0
DA:275,0
DA:492,0
DA:493,0
BRDA:493,0,0,-
BRDA:493,0,1,-
end_of_record
SF:/usr/include/c++/11/bits/alloc_traits.h
FN:463,_ZNSt16allocator_traitsISaISt10_List_nodeIP5GhostEEE8allocateERS4_m
FNDA:0,_ZNSt16allocator_traitsISaISt10_List_nodeIP5GhostEEE8allocateERS4_m
FN:463,_ZNSt16allocator_traitsISaISt10_List_nodeIP4WallEEE8allocateERS4_m
FNDA:0,_ZNSt16allocator_traitsISaISt10_List_nodeIP4WallEEE8allocateERS4_m
FN:463,_ZNSt16allocator_traitsISaISt13_Rb_tree_nodeISt4pairIKS1_IiiEP3DotEEEE8allocateERS8_m
FNDA:0,_ZNSt16allocator_traitsISaISt13_Rb_tree_nodeISt4pairIKS1_IiiEP3DotEEEE8allocateERS8_m
FN:463,_ZNSt16allocator_traitsISaISt4pairIP7QStringiEEE8allocateERS4_m
FNDA:0,_ZNSt16allocator_traitsISaISt4pairIP7QStringiEEE8allocateERS4_m
FN:495,_ZNSt16allocator_traitsISaISt13_Rb_tree_nodeISt4pairIKS1_IiiEP3DotEEEE10deallocateERS8_PS7_m
FNDA:0,_ZNSt16allocator_traitsISaISt13_Rb_tree_nodeISt4pairIKS1_IiiEP3DotEEEE10deallocateERS8_PS7_m
FN:495,_ZNSt16allocator_traitsISaISt4pairIP7QStringiEEE10deallocateERS4_PS3_m
FNDA:0,_ZNSt16allocator_traitsISaISt4pairIP7QStringiEEE10deallocateERS4_PS3_m
FN:495,_ZNSt16allocator_traitsISaISt10_List_nodeIP5GhostEEE10deallocateERS4_PS3_m
FNDA:0,_ZNSt16allocator_traitsISaISt10_List_nodeIP5GhostEEE10deallocateERS4_PS3_m
FN:495,_ZNSt16allocator_traitsISaISt10_List_nodeIP4WallEEE10deallocateERS4_PS3_m
FNDA:0,_ZNSt16allocator_traitsISaISt10_List_nodeIP4WallEEE10deallocateERS4_PS3_m
FN:511,_ZNSt16allocator_traitsISaISt13_Rb_tree_nodeISt4pairIKS1_IiiEP3DotEEEE9constructIS6_JRKSt21piecewise_construct_tSt5tupleIJRS3_EESE_IJEEEEEvRS8_PT_DpOT0_
FNDA:0,_ZNSt16allocator_traitsISaISt13_Rb_tree_nodeISt4pairIKS1_IiiEP3DotEEEE9constructIS6_JRKSt21piecewise_construct_tSt5tupleIJRS3_EESE_IJEEEEEvRS8_PT_DpOT0_
FN:511,_ZNSt16allocator_traitsISaISt10_List_nodeIP5GhostEEE9constructIS2_JRKS2_EEEvRS4_PT_DpOT0_
FNDA:0,_ZNSt16allocator_traitsISaISt10_List_nodeIP5GhostEEE9constructIS2_JRKS2_EEEvRS4_PT_DpOT0_
FN:511,_ZNSt16allocator_traitsISaISt10_List_nodeIP4WallEEE9constructIS2_JRKS2_EEEvRS4_PT_DpOT0_
FNDA:0,_ZNSt16allocator_traitsISaISt10_List_nodeIP4WallEEE9constructIS2_JRKS2_EEEvRS4_PT_DpOT0_
FN:531,_ZNSt16allocator_traitsISaISt13_Rb_tree_nodeISt4pairIKS1_IiiEP3DotEEEE7destroyIS6_EEvRS8_PT_
FNDA:0,_ZNSt16allocator_traitsISaISt13_Rb_tree_nodeISt4pairIKS1_IiiEP3DotEEEE7destroyIS6_EEvRS8_PT_
FN:531,_ZNSt16allocator_traitsISaISt10_List_nodeIP5GhostEEE7destroyIS2_EEvRS4_PT_
FNDA:0,_ZNSt16allocator_traitsISaISt10_List_nodeIP5GhostEEE7destroyIS2_EEvRS4_PT_
FN:531,_ZNSt16allocator_traitsISaISt10_List_nodeIP4WallEEE7destroyIS2_EEvRS4_PT_
FNDA:0,_ZNSt16allocator_traitsISaISt10_List_nodeIP4WallEEE7destroyIS2_EEvRS4_PT_
FN:547,_ZNSt16allocator_traitsISaISt4pairIP7QStringiEEE8max_sizeERKS4_
FNDA:0,_ZNSt16allocator_traitsISaISt4pairIP7QStringiEEE8max_sizeERKS4_
FN:845,_ZSt8_DestroyIPSt4pairIP7QStringiES3_EvT_S5_RSaIT0_E
FNDA:0,_ZSt8_DestroyIPSt4pairIP7QStringiES3_EvT_S5_RSaIT0_E
DA:463,0
DA:464,0
DA:463,0
DA:464,0
DA:463,0
DA:464,0
DA:463,0
DA:464,0
DA:495,0
DA:496,0
DA:495,0
DA:496,0
DA:495,0
DA:496,0
DA:495,0
DA:496,0
DA:511,0
DA:516,0
DA:520,0
DA:511,0
DA:516,0
DA:520,0
DA:511,0
DA:516,0
DA:520,0
DA:531,0
DA:535,0
DA:539,0
DA:531,0
DA:535,0
DA:539,0
DA:531,0
DA:535,0
DA:539,0
DA:547,0
DA:550,0
DA:845,0
DA:848,0
DA:849,0
end_of_record
SF:/home/jovan/Qt5.12.12/5.12.12/gcc_64/include/QtCore/qchar.h
FN:86,_ZN5QCharC2Ei
FNDA:0,_ZN5QCharC2Ei
FN:600,_Zeq5QCharS_
FNDA:0,_Zeq5QCharS_
DA:86,0
DA:600,0
end_of_record
SF:/usr/include/c++/11/bits/allocated_ptr.h
FN:53,_ZNSt15__allocated_ptrISaISt10_List_nodeIP5GhostEEEC2ERS4_PS3_
FNDA:0,_ZNSt15__allocated_ptrISaISt10_List_nodeIP5GhostEEEC2ERS4_PS3_
FN:53,_ZNSt15__allocated_ptrISaISt10_List_nodeIP4WallEEEC2ERS4_PS3_
FNDA:0,_ZNSt15__allocated_ptrISaISt10_List_nodeIP4WallEEEC2ERS4_PS3_
FN:71,_ZNSt15__allocated_ptrISaISt10_List_nodeIP5GhostEEED2Ev
FNDA:0,_ZNSt15__allocated_ptrISaISt10_List_nodeIP5GhostEEED2Ev
FN:71,_ZNSt15__allocated_ptrISaISt10_List_nodeIP4WallEEED2Ev
FNDA:0,_ZNSt15__allocated_ptrISaISt10_List_nodeIP4WallEEED2Ev
FN:79,_ZNSt15__allocated_ptrISaISt10_List_nodeIP5GhostEEEaSEDn
FNDA:0,_ZNSt15__allocated_ptrISaISt10_List_nodeIP5GhostEEEaSEDn
FN:79,_ZNSt15__allocated_ptrISaISt10_List_nodeIP4WallEEEaSEDn
FNDA:0,_ZNSt15__allocated_ptrISaISt10_List_nodeIP4WallEEEaSEDn
DA:53,0
DA:54,0
DA:55,0
DA:53,0
DA:54,0
DA:55,0
DA:71,0
DA:73,0
BRDA:73,0,0,-
BRDA:73,0,1,-
DA:74,0
DA:75,0
DA:71,0
DA:73,0
BRDA:73,0,0,-
BRDA:73,0,1,-
DA:74,0
DA:75,0
DA:79,0
DA:81,0
DA:82,0
DA:79,0
DA:81,0
DA:82,0
end_of_record
SF:/usr/include/c++/11/bits/charconv.h
FN:47,_ZNSt8__detail14__to_chars_lenIjEEjT_i
FNDA:12,_ZNSt8__detail14__to_chars_lenIjEEjT_i
FN:72,_ZNSt8__detail18__to_chars_10_implIjEEvPcjT_
FNDA:12,_ZNSt8__detail18__to_chars_10_implIjEEvPcjT_
DA:47,12
DA:52,12
DA:53,12
DA:54,12
DA:55,12
DA:58,12
BRDA:58,0,0,12
BRDA:58,0,1,0
DA:59,0
BRDA:59,0,0,-
BRDA:59,0,1,-
DA:60,0
BRDA:60,0,0,-
BRDA:60,0,1,-
DA:61,0
BRDA:61,0,0,-
BRDA:61,0,1,-
DA:62,0
DA:63,0
DA:72,12
DA:83,12
DA:84,12
BRDA:84,0,0,0
BRDA:84,0,1,12
DA:86,0
DA:87,0
DA:88,0
DA:89,0
DA:90,0
DA:92,12
BRDA:92,0,0,0
BRDA:92,0,1,12
DA:94,0
DA:95,0
DA:96,0
DA:99,12
DA:100,12
end_of_record
SF:/home/jovan/Qt5.12.12/5.12.12/gcc_64/include/QtCore/qiodevice.h
FN:185,_ZorN9QIODevice12OpenModeFlagES0_
FNDA:12,_ZorN9QIODevice12OpenModeFlagES0_
DA:185,12
end_of_record
SF:/usr/include/c++/11/bits/stl_iterator_base_funcs.h
FN:98,_ZSt10__distanceIPKcENSt15iterator_traitsIT_E15difference_typeES3_S3_St26random_access_iterator_tag
FNDA:0,_ZSt10__distanceIPKcENSt15iterator_traitsIT_E15difference_typeES3_S3_St26random_access_iterator_tag
FN:138,_ZSt8distanceIPKcENSt15iterator_traitsIT_E15difference_typeES3_S3_
FNDA:0,_ZSt8distanceIPKcENSt15iterator_traitsIT_E15difference_typeES3_S3_
DA:98,0
DA:104,0
DA:138,0
DA:141,0
DA:142,0
end_of_record
SF:/home/jovan/Desktop/master/verifikacija/RS030-pacman/RS030-pacman/qt/pacmangame.h
end_of_record
SF:/usr/include/c++/11/bits/allocator.h
FN:156,_ZNSaISt10_List_nodeIP5GhostEEC2Ev
FNDA:12,_ZNSaISt10_List_nodeIP5GhostEEC2Ev
FN:156,_ZNSaISt13_Rb_tree_nodeISt4pairIKS0_IiiEP3DotEEEC2Ev
FNDA:12,_ZNSaISt13_Rb_tree_nodeISt4pairIKS0_IiiEP3DotEEEC2Ev
FN:156,_ZNSaISt10_List_nodeIP4WallEEC2Ev
FNDA:12,_ZNSaISt10_List_nodeIP4WallEEC2Ev
FN:156,_ZNSaISt4pairIP7QStringiEEC2Ev
FNDA:0,_ZNSaISt4pairIP7QStringiEEC2Ev
FN:159,_ZNSaISt4pairIP7QStringiEEC2ERKS3_
FNDA:0,_ZNSaISt4pairIP7QStringiEEC2ERKS3_
FN:174,_ZNSaISt4pairIP7QStringiEED2Ev
FNDA:0,_ZNSaISt4pairIP7QStringiEED2Ev
FN:174,_ZNSaISt10_List_nodeIP5GhostEED2Ev
FNDA:12,_ZNSaISt10_List_nodeIP5GhostEED2Ev
FN:174,_ZNSaISt13_Rb_tree_nodeISt4pairIKS0_IiiEP3DotEEED2Ev
FNDA:12,_ZNSaISt13_Rb_tree_nodeISt4pairIKS0_IiiEP3DotEEED2Ev
FN:174,_ZNSaISt10_List_nodeIP4WallEED2Ev
FNDA:12,_ZNSaISt10_List_nodeIP4WallEED2Ev
DA:156,12
DA:156,12
DA:156,12
DA:156,0
DA:159,0
DA:160,0
DA:174,0
DA:174,12
DA:174,12
DA:174,12
end_of_record
SF:/usr/include/c++/11/ext/new_allocator.h
FN:79,_ZN9__gnu_cxx13new_allocatorIcEC2Ev
FNDA:0,_ZN9__gnu_cxx13new_allocatorIcEC2Ev
FN:79,_ZN9__gnu_cxx13new_allocatorISt4pairIP7QStringiEEC2Ev
FNDA:0,_ZN9__gnu_cxx13new_allocatorISt4pairIP7QStringiEEC2Ev
FN:79,_ZN9__gnu_cxx13new_allocatorISt10_List_nodeIP4WallEEC2Ev
FNDA:12,_ZN9__gnu_cxx13new_allocatorISt10_List_nodeIP4WallEEC2Ev
FN:79,_ZN9__gnu_cxx13new_allocatorISt13_Rb_tree_nodeISt4pairIKS2_IiiEP3DotEEEC2Ev
FNDA:12,_ZN9__gnu_cxx13new_allocatorISt13_Rb_tree_nodeISt4pairIKS2_IiiEP3DotEEEC2Ev
FN:79,_ZN9__gnu_cxx13new_allocatorISt10_List_nodeIP5GhostEEC2Ev
FNDA:12,_ZN9__gnu_cxx13new_allocatorISt10_List_nodeIP5GhostEEC2Ev
FN:82,_ZN9__gnu_cxx13new_allocatorISt4pairIP7QStringiEEC2ERKS5_
FNDA:0,_ZN9__gnu_cxx13new_allocatorISt4pairIP7QStringiEEC2ERKS5_
FN:89,_ZN9__gnu_cxx13new_allocatorIcED2Ev
FNDA:0,_ZN9__gnu_cxx13new_allocatorIcED2Ev
FN:89,_ZN9__gnu_cxx13new_allocatorISt10_List_nodeIP4WallEED2Ev
FNDA:12,_ZN9__gnu_cxx13new_allocatorISt10_List_nodeIP4WallEED2Ev
FN:89,_ZN9__gnu_cxx13new_allocatorISt13_Rb_tree_nodeISt4pairIKS2_IiiEP3DotEEED2Ev
FNDA:12,_ZN9__gnu_cxx13new_allocatorISt13_Rb_tree_nodeISt4pairIKS2_IiiEP3DotEEED2Ev
FN:89,_ZN9__gnu_cxx13new_allocatorISt10_List_nodeIP5GhostEED2Ev
FNDA:12,_ZN9__gnu_cxx13new_allocatorISt10_List_nodeIP5GhostEED2Ev
FN:89,_ZN9__gnu_cxx13new_allocatorISt4pairIP7QStringiEED2Ev
FNDA:0,_ZN9__gnu_cxx13new_allocatorISt4pairIP7QStringiEED2Ev
FN:103,_ZN9__gnu_cxx13new_allocatorISt10_List_nodeIP4WallEE8allocateEmPKv
FNDA:0,_ZN9__gnu_cxx13new_allocatorISt10_List_nodeIP4WallEE8allocateEmPKv
FN:103,_ZN9__gnu_cxx13new_allocatorISt13_Rb_tree_nodeISt4pairIKS2_IiiEP3DotEEE8allocateEmPKv
FNDA:0,_ZN9__gnu_cxx13new_allocatorISt13_Rb_tree_nodeISt4pairIKS2_IiiEP3DotEEE8allocateEmPKv
FN:103,_ZN9__gnu_cxx13new_allocatorISt4pairIP7QStringiEE8allocateEmPKv
FNDA:0,_ZN9__gnu_cxx13new_allocatorISt4pairIP7QStringiEE8allocateEmPKv
FN:103,_ZN9__gnu_cxx13new_allocatorISt10_List_nodeIP5GhostEE8allocateEmPKv
FNDA:0,_ZN9__gnu_cxx13new_allocatorISt10_List_nodeIP5GhostEE8allocateEmPKv
FN:132,_ZN9__gnu_cxx13new_allocatorISt10_List_nodeIP5GhostEE10deallocateEPS4_m
FNDA:0,_ZN9__gnu_cxx13new_allocatorISt10_List_nodeIP5GhostEE10deallocateEPS4_m
FN:132,_ZN9__gnu_cxx13new_allocatorISt10_List_nodeIP4WallEE10deallocateEPS4_m
FNDA:0,_ZN9__gnu_cxx13new_allocatorISt10_List_nodeIP4WallEE10deallocateEPS4_m
FN:132,_ZN9__gnu_cxx13new_allocatorISt4pairIP7QStringiEE10deallocateEPS4_m
FNDA:0,_ZN9__gnu_cxx13new_allocatorISt4pairIP7QStringiEE10deallocateEPS4_m
FN:132,_ZN9__gnu_cxx13new_allocatorISt13_Rb_tree_nodeISt4pairIKS2_IiiEP3DotEEE10deallocateEPS8_m
FNDA:0,_ZN9__gnu_cxx13new_allocatorISt13_Rb_tree_nodeISt4pairIKS2_IiiEP3DotEEE10deallocateEPS8_m
FN:154,_ZNK9__gnu_cxx13new_allocatorISt4pairIP7QStringiEE8max_sizeEv
FNDA:0,_ZNK9__gnu_cxx13new_allocatorISt4pairIP7QStringiEE8max_sizeEv
FN:160,_ZN9__gnu_cxx13new_allocatorISt10_List_nodeIP4WallEE9constructIS3_JRKS3_EEEvPT_DpOT0_
FNDA:0,_ZN9__gnu_cxx13new_allocatorISt10_List_nodeIP4WallEE9constructIS3_JRKS3_EEEvPT_DpOT0_
FN:160,_ZN9__gnu_cxx13new_allocatorISt10_List_nodeIP5GhostEE9constructIS3_JRKS3_EEEvPT_DpOT0_
FNDA:0,_ZN9__gnu_cxx13new_allocatorISt10_List_nodeIP5GhostEE9constructIS3_JRKS3_EEEvPT_DpOT0_
FN:160,_ZN9__gnu_cxx13new_allocatorISt13_Rb_tree_nodeISt4pairIKS2_IiiEP3DotEEE9constructIS7_JRKSt21piecewise_construct_tSt5tupleIJRS4_EESE_IJEEEEEvPT_DpOT0_
[...]
BRDA:235,0,11,-
BRDA:235,0,12,-
BRDA:235,0,13,-
BRDA:235,0,14,-
BRDA:235,0,15,-
BRDA:235,0,16,-
BRDA:235,0,17,-
BRDA:235,0,18,-
BRDA:235,0,19,-
DA:236,0
BRDA:236,0,0,-
BRDA:236,0,1,-
DA:237,0
BRDA:237,0,0,-
BRDA:237,0,1,-
DA:238,0
BRDA:238,0,0,-
BRDA:238,0,1,-
BRDA:238,0,2,-
BRDA:238,0,3,-
BRDA:238,0,4,-
BRDA:238,0,5,-
BRDA:238,0,6,-
BRDA:238,0,7,-
DA:240,0
BRDA:240,0,0,-
BRDA:240,0,1,-
DA:241,0
BRDA:241,0,0,-
BRDA:241,0,1,-
DA:242,0
BRDA:242,0,0,-
BRDA:242,0,1,-
BRDA:242,0,2,-
BRDA:242,0,3,-
DA:243,0
DA:244,0
BRDA:244,0,0,-
BRDA:244,0,1,-
DA:245,0
BRDA:245,0,0,-
BRDA:245,0,1,-
DA:246,0
BRDA:246,0,0,-
BRDA:246,0,1,-
DA:248,0
DA:251,0
BRDA:251,0,0,-
BRDA:251,0,1,-
DA:253,0
BRDA:253,0,0,-
BRDA:253,0,1,-
BRDA:253,0,2,-
BRDA:253,0,3,-
DA:257,0
BRDA:257,0,0,-
BRDA:257,0,1,-
DA:258,0
BRDA:258,0,0,-
BRDA:258,0,1,-
BRDA:258,0,2,-
BRDA:258,0,3,-
BRDA:258,0,4,-
BRDA:258,0,5,-
DA:259,0
BRDA:259,0,0,-
BRDA:259,0,1,-
DA:260,0
BRDA:260,0,0,-
BRDA:260,0,1,-
BRDA:260,0,2,-
BRDA:260,0,3,-
BRDA:260,0,4,-
BRDA:260,0,5,-
DA:261,0
BRDA:261,0,0,-
BRDA:261,0,1,-
DA:262,0
BRDA:262,0,0,-
BRDA:262,0,1,-
BRDA:262,0,2,-
BRDA:262,0,3,-
BRDA:262,0,4,-
BRDA:262,0,5,-
DA:263,0
BRDA:263,0,0,-
BRDA:263,0,1,-
DA:264,0
BRDA:264,0,0,-
BRDA:264,0,1,-
BRDA:264,0,2,-
BRDA:264,0,3,-
BRDA:264,0,4,-
BRDA:264,0,5,-
DA:266,0
DA:272,0
DA:273,0
DA:275,0
DA:278,0
BRDA:278,0,0,-
BRDA:278,0,1,-
DA:279,0
BRDA:279,0,0,-
BRDA:279,0,1,-
BRDA:279,0,2,-
BRDA:279,0,3,-
BRDA:279,0,4,-
BRDA:279,0,5,-
DA:280,0
BRDA:280,0,0,-
BRDA:280,0,1,-
DA:281,0
BRDA:281,0,0,-
BRDA:281,0,1,-
BRDA:281,0,2,-
BRDA:281,0,3,-
BRDA:281,0,4,-
BRDA:281,0,5,-
DA:282,0
BRDA:282,0,0,-
BRDA:282,0,1,-
DA:283,0
BRDA:283,0,0,-
BRDA:283,0,1,-
BRDA:283,0,2,-
BRDA:283,0,3,-
BRDA:283,0,4,-
BRDA:283,0,5,-
DA:284,0
BRDA:284,0,0,-
BRDA:284,0,1,-
DA:285,0
BRDA:285,0,0,-
BRDA:285,0,1,-
BRDA:285,0,2,-
BRDA:285,0,3,-
BRDA:285,0,4,-
BRDA:285,0,5,-
DA:286,0
BRDA:286,0,0,-
BRDA:286,0,1,-
DA:287,0
DA:288,0
BRDA:288,0,0,-
BRDA:288,0,1,-
BRDA:288,0,2,-
BRDA:288,0,3,-
BRDA:288,0,4,-
BRDA:288,0,5,-
BRDA:288,0,6,-
BRDA:288,0,7,-
DA:289,0
BRDA:289,0,0,-
BRDA:289,0,1,-
BRDA:289,0,2,-
BRDA:289,0,3,-
BRDA:289,0,4,-
BRDA:289,0,5,-
BRDA:289,0,6,-
BRDA:289,0,7,-
BRDA:289,0,8,-
BRDA:289,0,9,-
BRDA:289,0,10,-
BRDA:289,0,11,-
BRDA:289,0,12,-
BRDA:289,0,13,-
BRDA:289,0,14,-
BRDA:289,0,15,-
BRDA:289,0,16,-
BRDA:289,0,17,-
BRDA:289,0,18,-
BRDA:289,0,19,-
BRDA:289,0,20,-
BRDA:289,0,21,-
DA:290,0
DA:294,0
BRDA:294,0,0,-
BRDA:294,0,1,-
DA:296,0
BRDA:296,0,0,-
BRDA:296,0,1,-
BRDA:296,0,2,-
BRDA:296,0,3,-
BRDA:296,0,4,-
BRDA:296,0,5,-
BRDA:296,0,6,-
BRDA:296,0,7,-
BRDA:296,0,8,-
BRDA:296,0,9,-
BRDA:296,0,10,-
BRDA:296,0,11,-
BRDA:296,0,12,-
BRDA:296,0,13,-
BRDA:296,0,14,-
BRDA:296,0,15,-
BRDA:296,0,16,-
BRDA:296,0,17,-
BRDA:296,0,18,-
BRDA:296,0,19,-
DA:297,0
BRDA:297,0,0,-
BRDA:297,0,1,-
DA:298,0
BRDA:298,0,0,-
BRDA:298,0,1,-
DA:299,0
BRDA:299,0,0,-
BRDA:299,0,1,-
BRDA:299,0,2,-
BRDA:299,0,3,-
BRDA:299,0,4,-
BRDA:299,0,5,-
BRDA:299,0,6,-
BRDA:299,0,7,-
DA:301,0
BRDA:301,0,0,-
BRDA:301,0,1,-
DA:302,0
BRDA:302,0,0,-
BRDA:302,0,1,-
DA:303,0
BRDA:303,0,0,-
BRDA:303,0,1,-
BRDA:303,0,2,-
BRDA:303,0,3,-
DA:304,0
DA:305,0
BRDA:305,0,0,-
BRDA:305,0,1,-
DA:306,0
BRDA:306,0,0,-
BRDA:306,0,1,-
DA:307,0
BRDA:307,0,0,-
BRDA:307,0,1,-
DA:309,0
DA:312,0
BRDA:312,0,0,-
BRDA:312,0,1,-
DA:314,0
BRDA:314,0,0,-
BRDA:314,0,1,-
BRDA:314,0,2,-
BRDA:314,0,3,-
DA:318,0
BRDA:318,0,0,-
BRDA:318,0,1,-
DA:319,0
BRDA:319,0,0,-
BRDA:319,0,1,-
BRDA:319,0,2,-
BRDA:319,0,3,-
BRDA:319,0,4,-
BRDA:319,0,5,-
DA:320,0
BRDA:320,0,0,-
BRDA:320,0,1,-
DA:321,0
BRDA:321,0,0,-
BRDA:321,0,1,-
BRDA:321,0,2,-
BRDA:321,0,3,-
BRDA:321,0,4,-
BRDA:321,0,5,-
DA:322,0
BRDA:322,0,0,-
BRDA:322,0,1,-
DA:323,0
BRDA:323,0,0,-
BRDA:323,0,1,-
BRDA:323,0,2,-
BRDA:323,0,3,-
BRDA:323,0,4,-
BRDA:323,0,5,-
DA:324,0
BRDA:324,0,0,-
BRDA:324,0,1,-
DA:325,0
BRDA:325,0,0,-
BRDA:325,0,1,-
BRDA:325,0,2,-
BRDA:325,0,3,-
BRDA:325,0,4,-
BRDA:325,0,5,-
DA:327,0
DA:329,0
DA:331,0
BRDA:331,0,0,-
BRDA:331,0,1,-
DA:332,0
DA:333,0
BRDA:333,0,0,-
BRDA:333,0,1,-
DA:334,0
DA:335,0
BRDA:335,0,0,-
BRDA:335,0,1,-
DA:336,0
BRDA:336,0,0,-
BRDA:336,0,1,-
DA:337,0
BRDA:337,0,0,-
BRDA:337,0,1,-
DA:338,0
BRDA:338,0,0,-
BRDA:338,0,1,-
BRDA:338,0,2,-
BRDA:338,0,3,-
DA:342,0
BRDA:342,0,0,-
BRDA:342,0,1,-
DA:344,28
DA:345,28
end_of_record
SF:/home/jovan/Qt5.12.12/5.12.12/gcc_64/include/QtCore/qglobal.h
FN:911,_Z5qSwapIPN9QListData4DataEEvRT_S4_
FNDA:0,_Z5qSwapIPN9QListData4DataEEvRT_S4_
DA:911,0
DA:915,0
DA:916,0
end_of_record
SF:/home/jovan/Qt5.12.12/5.12.12/gcc_64/include/QtCore/qsize.h
FN:289,_ZN6QSizeFC2Edd
FNDA:0,_ZN6QSizeFC2Edd
FN:324,_ZN6QSizeF6rwidthEv
FNDA:0,_ZN6QSizeF6rwidthEv
FN:327,_ZN6QSizeF7rheightEv
FNDA:0,_ZN6QSizeF7rheightEv
DA:289,0
DA:324,0
DA:325,0
DA:327,0
DA:328,0
end_of_record
SF:/usr/include/c++/11/bits/char_traits.h
FN:106,_ZN9__gnu_cxx11char_traitsIcE2eqERKcS3_
FNDA:0,_ZN9__gnu_cxx11char_traitsIcE2eqERKcS3_
FN:167,_ZN9__gnu_cxx11char_traitsIcE6lengthEPKc
FNDA:0,_ZN9__gnu_cxx11char_traitsIcE6lengthEPKc
FN:393,_ZNSt11char_traitsIcE6lengthEPKc
FNDA:440012,_ZNSt11char_traitsIcE6lengthEPKc
DA:106,0
DA:107,0
DA:167,0
DA:170,0
DA:171,0
BRDA:171,0,0,-
BRDA:171,0,1,-
DA:172,0
DA:173,0
DA:290,440012
DA:393,440012
DA:396,440012
BRDA:396,0,0,0
BRDA:396,0,1,440012
DA:397,0
DA:399,440012
end_of_record
SF:/home/jovan/Qt5.12.12/5.12.12/gcc_64/include/QtCore/qrefcount.h
FN:54,_ZN9QtPrivate8RefCount3refEv
FNDA:0,_ZN9QtPrivate8RefCount3refEv
FN:65,_ZN9QtPrivate8RefCount5derefEv
FNDA:0,_ZN9QtPrivate8RefCount5derefEv
FN:99,_ZNK9QtPrivate8RefCount8isSharedEv
FNDA:0,_ZNK9QtPrivate8RefCount8isSharedEv
DA:54,0
DA:55,0
DA:57,0
BRDA:57,0,0,-
BRDA:57,0,1,-
DA:58,0
DA:60,0
BRDA:60,0,0,-
BRDA:60,0,1,-
DA:61,0
DA:62,0
DA:65,0
DA:66,0
DA:68,0
BRDA:68,0,0,-
BRDA:68,0,1,-
DA:69,0
DA:71,0
BRDA:71,0,0,-
BRDA:71,0,1,-
DA:72,0
DA:73,0
DA:99,0
DA:101,0
DA:102,0
BRDA:102,0,0,-
BRDA:102,0,1,-
BRDA:102,0,2,-
BRDA:102,0,3,-
end_of_record
SF:/home/jovan/Qt5.12.12/5.12.12/gcc_64/include/QtCore/qflags.h
FN:120,_ZN6QFlagsIN2Qt19ImageConversionFlagEEC2ES1_
FNDA:152,_ZN6QFlagsIN2Qt19ImageConversionFlagEEC2ES1_
DA:120,152
end_of_record
SF:/home/jovan/Qt5.12.12/5.12.12/gcc_64/include/QtCore/qatomic_cxx11.h
FN:225,_ZN10QAtomicOpsIiE4loadIiEET_RKSt6atomicIS2_E
FNDA:0,_ZN10QAtomicOpsIiE4loadIiEET_RKSt6atomicIS2_E
FN:263,_ZN10QAtomicOpsIiE3refIiEEbRSt6atomicIT_E
FNDA:0,_ZN10QAtomicOpsIiE3refIiEEbRSt6atomicIT_E
FN:269,_ZN10QAtomicOpsIiE5derefIiEEbRSt6atomicIT_E
FNDA:0,_ZN10QAtomicOpsIiE5derefIiEEbRSt6atomicIT_E
DA:225,0
DA:227,0
DA:263,0
DA:265,0
DA:269,0
DA:271,0
end_of_record
SF:/usr/include/c++/11/bits/atomic_base.h
FN:104,_ZStanSt12memory_orderSt23__memory_order_modifier
FNDA:0,_ZStanSt12memory_orderSt23__memory_order_modifier
FN:384,_ZNSt13__atomic_baseIiEppEv
FNDA:0,_ZNSt13__atomic_baseIiEppEv
FN:392,_ZNSt13__atomic_baseIiEmmEv
FNDA:0,_ZNSt13__atomic_baseIiEmmEv
DA:104,0
DA:106,0
DA:384,0
DA:385,0
DA:392,0
DA:393,0
DA:484,0
DA:488,0
end_of_record
SF:/usr/include/c++/11/ext/new_allocator.h
FN:79,_ZN9__gnu_cxx13new_allocatorIcEC2Ev
FNDA:0,_ZN9__gnu_cxx13new_allocatorIcEC2Ev
FN:89,_ZN9__gnu_cxx13new_allocatorIcED2Ev
FNDA:0,_ZN9__gnu_cxx13new_allocatorIcED2Ev
DA:79,0
DA:89,0
end_of_record
SF:/home/jovan/Qt5.12.12/5.12.12/gcc_64/include/QtWidgets/qgraphicsscene.h
FN:131,_ZNK14QGraphicsScene5widthEv
FNDA:0,_ZNK14QGraphicsScene5widthEv
FN:132,_ZNK14QGraphicsScene6heightEv
FNDA:0,_ZNK14QGraphicsScene6heightEv
DA:131,0
DA:132,0
end_of_record
SF:/usr/include/c++/11/bits/stl_iterator_base_types.h
FN:238,_ZSt19__iterator_categoryIPKcENSt15iterator_traitsIT_E17iterator_categoryERKS3_
FNDA:440012,_ZSt19__iterator_categoryIPKcENSt15iterator_traitsIT_E17iterator_categoryERKS3_
DA:238,440012
DA:239,440012
end_of_record
SF:/usr/include/c++/11/iostream
end_of_record
SF:/home/jovan/Qt5.12.12/5.12.12/gcc_64/include/QtCore/qbasicatomic.h
FN:103,_ZNK19QBasicAtomicIntegerIiE4loadEv
FNDA:0,_ZNK19QBasicAtomicIntegerIiE4loadEv
FN:114,_ZN19QBasicAtomicIntegerIiE3refEv
FNDA:0,_ZN19QBasicAtomicIntegerIiE3refEv
FN:115,_ZN19QBasicAtomicIntegerIiE5derefEv
FNDA:0,_ZN19QBasicAtomicIntegerIiE5derefEv
DA:103,0
DA:114,0
DA:115,0
end_of_record
SF:/usr/include/c++/11/bits/basic_string.tcc
FN:206,_ZNSt7__cxx1112basic_stringIcSt11char_traitsIcESaIcEE12_M_constructIPKcEEvT_S8_St20forward_iterator_tag
FNDA:440012,_ZNSt7__cxx1112basic_stringIcSt11char_traitsIcESaIcEE12_M_constructIPKcEEvT_S8_St20forward_iterator_tag
DA:206,440012
DA:211,440012
BRDA:211,0,0,0
BRDA:211,0,1,440012
BRDA:211,0,2,0
BRDA:211,0,3,0
BRDA:211,0,4,0
BRDA:211,0,5,440012
DA:212,0
DA:215,440012
BRDA:215,0,0,440012
BRDA:215,0,1,0
DA:217,440012
BRDA:217,0,0,12
BRDA:217,0,1,440000
DA:219,12
BRDA:219,0,0,12
BRDA:219,0,1,0
BRDA:219,0,2,12
BRDA:219,0,3,0
DA:220,12
BRDA:220,0,0,12
BRDA:220,0,1,0
DA:225,440012
BRDA:225,0,0,440012
BRDA:225,0,1,0
DA:226,0
DA:228,0
BRDA:228,0,0,0
BRDA:228,0,1,0
DA:229,0
DA:232,440012
BRDA:232,0,0,440012
BRDA:232,0,1,0
DA:233,440012
end_of_record
SF:/home/jovan/Qt5.12.12/5.12.12/gcc_64/include/QtCore/qstring.h
FN:699,_ZN7QStringC2EPKc
FNDA:240,_ZN7QStringC2EPKc
FN:957,_ZN7QStringC2ERKS_
FNDA:0,_ZN7QStringC2ERKS_
FN:1135,_ZN7QStringD2Ev
FNDA:0,_ZN7QStringD2Ev
DA:699,240
DA:700,240
BRDA:700,0,0,240
BRDA:700,0,1,0
DA:701,240
DA:957,0
DA:958,0
BRDA:958,0,0,-
BRDA:958,0,1,-
DA:1135,0
BRDA:1135,0,0,-
BRDA:1135,0,1,-
end_of_record
SF:/home/jovan/Qt5.12.12/5.12.12/gcc_64/include/QtCore/qrect.h
FN:740,_ZNK6QRectF5widthEv
FNDA:0,_ZNK6QRectF5widthEv
FN:743,_ZNK6QRectF6heightEv
FNDA:0,_ZNK6QRectF6heightEv
FN:746,_ZNK6QRectF4sizeEv
FNDA:0,_ZNK6QRectF4sizeEv
DA:740,0
DA:741,0
DA:743,0
DA:744,0
DA:746,0
DA:747,0
end_of_record
SF:/home/jovan/Qt5.12.12/5.12.12/gcc_64/include/QtCore/qpoint.h
FN:287,_ZN7QPointFC2Edd
FNDA:180,_ZN7QPointFC2Edd
FN:301,_ZNK7QPointF1xEv
FNDA:28,_ZNK7QPointF1xEv
FN:306,_ZNK7QPointF1yEv
FNDA:28,_ZNK7QPointF1yEv
DA:287,180
DA:301,28
DA:303,28
DA:306,28
DA:308,28
end_of_record
SF:/usr/include/c++/11/bits/random.tcc
FN:323,_ZNSt23mersenne_twister_engineImLm32ELm624ELm397ELm31ELm2567483615ELm11ELm4294967295ELm7ELm2636928640ELm15ELm4022730752ELm18ELm1812433253EE4seedEm
FNDA:440000,_ZNSt23mersenne_twister_engineImLm32ELm624ELm397ELm31ELm2567483615ELm11ELm4294967295ELm7ELm2636928640ELm15ELm4022730752ELm18ELm1812433253EE4seedEm
FN:394,_ZNSt23mersenne_twister_engineImLm32ELm624ELm397ELm31ELm2567483615ELm11ELm4294967295ELm7ELm2636928640ELm15ELm4022730752ELm18ELm1812433253EE11_M_gen_randEv
FNDA:440000,_ZNSt23mersenne_twister_engineImLm32ELm624ELm397ELm31ELm2567483615ELm11ELm4294967295ELm7ELm2636928640ELm15ELm4022730752ELm18ELm1812433253EE11_M_gen_randEv
FN:450,_ZNSt23mersenne_twister_engineImLm32ELm624ELm397ELm31ELm2567483615ELm11ELm4294967295ELm7ELm2636928640ELm15ELm4022730752ELm18ELm1812433253EEclEv
FNDA:440000,_ZNSt23mersenne_twister_engineImLm32ELm624ELm397ELm31ELm2567483615ELm11ELm4294967295ELm7ELm2636928640ELm15ELm4022730752ELm18ELm1812433253EEclEv
DA:323,440000
DA:327,440000
DA:328,440000
DA:330,274560000
BRDA:330,0,0,274120000
BRDA:330,0,1,440000
DA:332,274120000
DA:333,274120000
DA:334,274120000
DA:335,274120000
DA:336,274120000
DA:337,274120000
DA:339,440000
DA:340,440000
DA:394,440000
DA:398,440000
DA:399,440000
DA:401,100320000
BRDA:401,0,0,99880000
BRDA:401,0,1,440000
DA:403,99880000
DA:404,99880000
DA:405,199760000
DA:406,99880000
BRDA:406,0,0,49935424
BRDA:406,0,1,49944576
DA:409,174680000
BRDA:409,0,0,174240000
BRDA:409,0,1,440000
DA:411,174240000
DA:412,174240000
DA:413,348480000
DA:414,174240000
BRDA:414,0,0,87114903
BRDA:414,0,1,87125097
DA:417,440000
DA:418,440000
DA:419,880000
DA:420,440000
BRDA:420,0,0,220388
BRDA:420,0,1,219612
DA:421,440000
DA:422,440000
DA:450,440000
DA:455,440000
BRDA:455,0,0,440000
BRDA:455,0,1,0
DA:456,440000
DA:459,440000
DA:460,440000
DA:461,440000
DA:462,440000
DA:463,440000
DA:465,440000
end_of_record
SF:/home/jovan/Qt5.12.12/5.12.12/gcc_64/include/QtWidgets/qgraphicsitem.h
FN:273,_ZNK13QGraphicsItem1xEv
FNDA:28,_ZNK13QGraphicsItem1xEv
FN:275,_ZNK13QGraphicsItem1yEv
FNDA:28,_ZNK13QGraphicsItem1yEv
FN:313,_ZN13QGraphicsItem23setTransformOriginPointEdd
FNDA:88,_ZN13QGraphicsItem23setTransformOriginPointEdd
FN:492,_ZN13QGraphicsItem6setPosEdd
FNDA:92,_ZN13QGraphicsItem6setPosEdd
DA:273,28
DA:275,28
DA:313,88
DA:314,88
BRDA:314,0,0,88
BRDA:314,0,1,0
DA:492,92
DA:493,92
BRDA:493,0,0,92
BRDA:493,0,1,0
end_of_record
SF:/usr/include/c++/11/bits/random.h
FN:136,_ZNSt8__detail4_ModImLm624ELm1ELm0ELb1ELb1EE6__calcEm
FNDA:274120000,_ZNSt8__detail4_ModImLm624ELm1ELm0ELb1ELb1EE6__calcEm
FN:136,_ZNSt8__detail4_ModImLm4294967296ELm1ELm0ELb1ELb1EE6__calcEm
FNDA:274560000,_ZNSt8__detail4_ModImLm4294967296ELm1ELm0ELb1ELb1EE6__calcEm
FN:147,_ZNSt8__detail5__modImLm624ELm1ELm0EEET_S1_
FNDA:274120000,_ZNSt8__detail5__modImLm624ELm1ELm0EEET_S1_
FN:147,_ZNSt8__detail5__modImLm4294967296ELm1ELm0EEET_S1_
FNDA:274560000,_ZNSt8__detail5__modImLm4294967296ELm1ELm0EEET_S1_
FN:530,_ZNSt23mersenne_twister_engineImLm32ELm624ELm397ELm31ELm2567483615ELm11ELm4294967295ELm7ELm2636928640ELm15ELm4022730752ELm18ELm1812433253EEC2Em
FNDA:440000,_ZNSt23mersenne_twister_engineImLm32ELm624ELm397ELm31ELm2567483615ELm11ELm4294967295ELm7ELm2636928640ELm15ELm4022730752ELm18ELm1812433253EEC2Em
FN:1618,_ZNSt13random_deviceC2Ev
FNDA:440000,_ZNSt13random_deviceC2Ev
FN:1624,_ZNSt13random_deviceD2Ev
FNDA:440000,_ZNSt13random_deviceD2Ev
FN:1647,_ZNSt13random_deviceclEv
FNDA:440000,_ZNSt13random_deviceclEv
DA:136,274120000
DA:138,274120000
DA:140,274120000
DA:141,274120000
DA:136,274560000
DA:138,274560000
DA:140,274560000
DA:141,274560000
DA:147,274120000
DA:154,274120000
DA:155,274120000
DA:147,274560000
DA:154,274560000
DA:155,274560000
DA:530,440000
DA:531,440000
DA:1618,440000
BRDA:1618,0,0,440000
BRDA:1618,0,1,0
BRDA:1618,0,2,440000
BRDA:1618,0,3,0
DA:1624,440000
DA:1625,440000
DA:1647,440000
DA:1648,440000
end_of_record
SF:/home/jovan/Qt5.12.12/5.12.12/gcc_64/include/QtCore/qlist.h
FN:75,_ZN19QListSpecialMethodsIP13QGraphicsItemED2Ev
FNDA:0,_ZN19QListSpecialMethodsIP13QGraphicsItemED2Ev
FN:100,_ZN9QListData7disposeEv
FNDA:0,_ZN9QListData7disposeEv
FN:113,_ZNK9QListData4sizeEv
FNDA:0,_ZNK9QListData4sizeEv
FN:115,_ZNK9QListData2atEi
FNDA:0,_ZNK9QListData2atEi
FN:116,_ZNK9QListData5beginEv
FNDA:0,_ZNK9QListData5beginEv
FN:117,_ZNK9QListData3endEv
FNDA:0,_ZNK9QListData3endEv
FN:142,_ZN5QListIP13QGraphicsItemE4Node1tEv
FNDA:0,_ZN5QListIP13QGraphicsItemE4Node1tEv
FN:156,_ZN5QListIP13QGraphicsItemEC2EOS2_
FNDA:0,_ZN5QListIP13QGraphicsItemEC2EOS2_
FN:158,_ZN5QListIP13QGraphicsItemEaSEOS2_
FNDA:0,_ZN5QListIP13QGraphicsItemEaSEOS2_
FN:161,_ZN5QListIP13QGraphicsItemE4swapERS2_
FNDA:0,_ZN5QListIP13QGraphicsItemE4swapERS2_
FN:170,_ZNK5QListIP13QGraphicsItemE4sizeEv
FNDA:0,_ZNK5QListIP13QGraphicsItemE4sizeEv
FN:172,_ZN5QListIP13QGraphicsItemE6detachEv
FNDA:0,_ZN5QListIP13QGraphicsItemE6detachEv
FN:235,_ZN5QListIP13QGraphicsItemE8iteratorC2EPNS2_4NodeE
FNDA:0,_ZN5QListIP13QGraphicsItemE8iteratorC2EPNS2_4NodeE
FN:241,_ZNK5QListIP13QGraphicsItemE8iteratordeEv
FNDA:0,_ZNK5QListIP13QGraphicsItemE8iteratordeEv
FN:245,_ZNK5QListIP13QGraphicsItemE8iteratorneERKS3_
FNDA:0,_ZNK5QListIP13QGraphicsItemE8iteratorneERKS3_
FN:264,_ZN5QListIP13QGraphicsItemE8iteratorppEv
FNDA:0,_ZN5QListIP13QGraphicsItemE8iteratorppEv
FN:324,_ZN5QListIP13QGraphicsItemE5beginEv
FNDA:0,_ZN5QListIP13QGraphicsItemE5beginEv
FN:328,_ZN5QListIP13QGraphicsItemE3endEv
FNDA:0,_ZN5QListIP13QGraphicsItemE3endEv
FN:459,_ZN5QListIP13QGraphicsItemE9node_copyEPNS2_4NodeES4_S4_
FNDA:0,_ZN5QListIP13QGraphicsItemE9node_copyEPNS2_4NodeES4_S4_
FN:494,_ZN5QListIP13QGraphicsItemE13node_destructEPNS2_4NodeES4_
FNDA:0,_ZN5QListIP13QGraphicsItemE13node_destructEPNS2_4NodeES4_
FN:551,_ZN5QListIP13QGraphicsItemEixEi
FNDA:0,_ZN5QListIP13QGraphicsItemEixEi
FN:786,_ZN5QListIP13QGraphicsItemE13detach_helperEi
FNDA:0,_ZN5QListIP13QGraphicsItemE13detach_helperEi
FN:803,_ZN5QListIP13QGraphicsItemE13detach_helperEv
FNDA:0,_ZN5QListIP13QGraphicsItemE13detach_helperEv
FN:827,_ZN5QListIP13QGraphicsItemED2Ev
FNDA:0,_ZN5QListIP13QGraphicsItemED2Ev
FN:866,_ZN5QListIP13QGraphicsItemE7deallocEPN9QListData4DataE
FNDA:0,_ZN5QListIP13QGraphicsItemE7deallocEPN9QListData4DataE
DA:75,0
DA:100,0
DA:113,0
DA:115,0
DA:116,0
DA:117,0
DA:142,0
DA:144,0
DA:156,0
DA:157,0
DA:158,0
DA:159,0
DA:161,0
DA:170,0
DA:172,0
BRDA:172,0,0,-
BRDA:172,0,1,-
DA:235,0
DA:241,0
DA:245,0
DA:264,0
DA:324,0
DA:328,0
DA:459,0
DA:461,0
DA:488,0
BRDA:488,0,0,-
BRDA:488,0,1,-
BRDA:488,0,2,-
BRDA:488,0,3,-
DA:489,0
DA:491,0
DA:494,0
DA:500,0
DA:551,0
DA:552,0
BRDA:552,0,0,-
BRDA:552,0,1,-
BRDA:552,0,2,-
BRDA:552,0,3,-
DA:553,0
DA:786,0
DA:788,0
DA:789,0
DA:791,0
BRDA:791,0,0,-
BRDA:791,0,1,-
DA:792,0
DA:793,0
BRDA:793,0,0,0
BRDA:793,0,1,0
DA:794,0
DA:795,0
DA:798,0
BRDA:798,0,0,-
BRDA:798,0,1,-
DA:799,0
DA:800,0
DA:803,0
DA:805,0
DA:806,0
DA:827,0
DA:829,0
BRDA:829,0,0,-
BRDA:829,0,1,-
DA:830,0
DA:831,0
DA:866,0
DA:868,0
DA:869,0
DA:870,0
DA:871,0
end_of_record
SF:/usr/include/c++/11/bits/stl_iterator_base_funcs.h
FN:98,_ZSt10__distanceIPKcENSt15iterator_traitsIT_E15difference_typeES3_S3_St26random_access_iterator_tag
FNDA:440012,_ZSt10__distanceIPKcENSt15iterator_traitsIT_E15difference_typeES3_S3_St26random_access_iterator_tag
FN:138,_ZSt8distanceIPKcENSt15iterator_traitsIT_E15difference_typeES3_S3_
FNDA:440012,_ZSt8distanceIPKcENSt15iterator_traitsIT_E15difference_typeES3_S3_
DA:98,440012
DA:104,440012
DA:138,440012
DA:141,440012
DA:142,880024
end_of_record
TN:
SF:/home/jovan/Qt5.12.12/5.12.12/gcc_64/include/QtCore/qbasicatomic.h
FN:103,_ZNK19QBasicAtomicIntegerIiE4loadEv
FNDA:0,_ZNK19QBasicAtomicIntegerIiE4loadEv
FN:115,_ZN19QBasicAtomicIntegerIiE5derefEv
FNDA:0,_ZN19QBasicAtomicIntegerIiE5derefEv
DA:103,0
DA:115,0
end_of_record
SF:/usr/include/c++/11/iostream
end_of_record
SF:/usr/include/c++/11/bits/atomic_base.h
FN:104,_ZStanSt12memory_orderSt23__memory_order_modifier
FNDA:0,_ZStanSt12memory_orderSt23__memory_order_modifier
FN:392,_ZNSt13__atomic_baseIiEmmEv
FNDA:0,_ZNSt13__atomic_baseIiEmmEv
DA:104,0
DA:106,0
DA:392,0
DA:393,0
DA:484,0
DA:488,0
end_of_record
SF:/home/jovan/Qt5.12.12/5.12.12/gcc_64/include/QtCore/qstring.h
FN:699,_ZN7QStringC2EPKc
FNDA:0,_ZN7QStringC2EPKc
FN:1135,_ZN7QStringD2Ev
FNDA:0,_ZN7QStringD2Ev
DA:699,0
DA:700,0
BRDA:700,0,0,-
BRDA:700,0,1,-
DA:701,0
DA:1135,0
BRDA:1135,0,0,-
BRDA:1135,0,1,-
end_of_record
SF:/home/jovan/Qt5.12.12/5.12.12/gcc_64/include/QtCore/qarraydata.h
FN:236,_ZN15QTypedArrayDataItE10deallocateEP10QArrayData
FNDA:0,_ZN15QTypedArrayDataItE10deallocateEP10QArrayData
DA:236,0
DA:239,0
DA:240,0
end_of_record
SF:/home/jovan/Desktop/master/verifikacija/RS030-pacman/RS030-pacman/qt/extern_variables.cpp
FN:7,_Z19initializeVariablesv
FNDA:4,_Z19initializeVariablesv
DA:7,4
DA:9,4
BRDA:9,0,0,4
BRDA:9,0,1,0
DA:10,4
end_of_record
SF:/home/jovan/Qt5.12.12/5.12.12/gcc_64/include/QtCore/qatomic_cxx11.h
FN:225,_ZN10QAtomicOpsIiE4loadIiEET_RKSt6atomicIS2_E
FNDA:0,_ZN10QAtomicOpsIiE4loadIiEET_RKSt6atomicIS2_E
FN:269,_ZN10QAtomicOpsIiE5derefIiEEbRSt6atomicIT_E
FNDA:0,_ZN10QAtomicOpsIiE5derefIiEEbRSt6atomicIT_E
DA:225,0
DA:227,0
DA:269,0
DA:271,0
end_of_record
SF:/home/jovan/Qt5.12.12/5.12.12/gcc_64/include/QtCore/qrefcount.h
FN:65,_ZN9QtPrivate8RefCount5derefEv
FNDA:0,_ZN9QtPrivate8RefCount5derefEv
DA:65,0
DA:66,0
DA:68,0
BRDA:68,0,0,-
BRDA:68,0,1,-
DA:69,0
DA:71,0
BRDA:71,0,0,-
BRDA:71,0,1,-
DA:72,0
DA:73,0
end_of_record
TN:
SF:/home/jovan/Desktop/master/verifikacija/RS030-pacman/RS030-pacman/qt/dot.cpp
FN:3,_ZN3DotC2Eiic
FNDA:0,_ZN3DotC2Eiic
FN:23,_ZN3DotC2Ev
FNDA:0,_ZN3DotC2Ev
FN:27,_ZN3Dot6getDotEv
FNDA:0,_ZN3Dot6getDotEv
FN:31,_ZN3Dot9getPointsEv
FNDA:0,_ZN3Dot9getPointsEv
DA:3,0
DA:4,0
DA:5,0
DA:6,0
BRDA:6,0,0,-
BRDA:6,0,1,-
DA:7,0
DA:8,0
DA:9,0
DA:11,0
BRDA:11,0,0,-
BRDA:11,0,1,-
DA:12,0
DA:13,0
DA:14,0
DA:16,0
BRDA:16,0,0,-
BRDA:16,0,1,-
DA:17,0
DA:18,0
DA:19,0
DA:21,0
DA:23,0
DA:24,0
DA:25,0
DA:27,0
DA:28,0
DA:31,0
DA:32,0
end_of_record
SF:/home/jovan/Qt5.12.12/5.12.12/gcc_64/include/QtCore/qrect.h
FN:644,_ZN6QRectFC2Edddd
FNDA:0,_ZN6QRectFC2Edddd
DA:644,0
DA:645,0
DA:647,0
end_of_record
